[2025-11-20 19:51:47,710] INFO - CoinGecko Data Collection
[2025-11-20 19:51:47,710] INFO - Log file: logs/0001-coingecko-collection-20251120_195147.log
[2025-11-20 19:51:47,710] INFO - 
[2025-11-20 19:51:47,710] INFO - Step 1: Retrieving top 500 coins...
[2025-11-20 19:51:48,068] INFO -   Retrieved page 1/2: 250 coins
[2025-11-20 19:52:08,251] INFO -   Retrieved page 2/2: 250 coins
[2025-11-20 19:52:08,251] INFO - ✅ Retrieved 500 coins
[2025-11-20 19:52:08,251] INFO -   Sample coins:
[2025-11-20 19:52:08,251] INFO -     Rank   1: bitcoin              (BTC)
[2025-11-20 19:52:08,251] INFO -     Rank   2: ethereum             (ETH)
[2025-11-20 19:52:08,251] INFO -     Rank   3: tether               (USDT)
[2025-11-20 19:52:08,251] INFO -     Rank   4: ripple               (XRP)
[2025-11-20 19:52:08,251] INFO -     Rank   5: binancecoin          (BNB)
[2025-11-20 19:52:08,251] INFO - 
[2025-11-20 19:52:08,251] INFO - Step 2: Estimation
[2025-11-20 19:52:08,251] INFO -   Coins to collect: 500
[2025-11-20 19:52:08,251] INFO -   Rate limiting: 20.0s between requests
[2025-11-20 19:52:08,251] INFO -   API authentication: None (no registration)
[2025-11-20 19:52:08,251] INFO -   Estimated time: 166.7 minutes
[2025-11-20 19:52:08,251] INFO - 
[2025-11-20 19:52:08,251] INFO - Step 3: Collecting historical data...
[2025-11-20 19:52:08,251] INFO -   (This may take 167 minutes)
[2025-11-20 19:52:08,251] INFO - 
[2025-11-20 19:52:08,251] INFO -   [1/500] Collecting bitcoin (BTC)...
[2025-11-20 19:52:28,665] INFO -     ✅ 366 records
[2025-11-20 19:52:28,666] INFO -   [2/500] Collecting ethereum (ETH)...
[2025-11-20 19:52:48,860] INFO -     ✅ 366 records
[2025-11-20 19:52:48,861] INFO -   [3/500] Collecting tether (USDT)...
[2025-11-20 19:53:09,068] INFO -     ✅ 366 records
[2025-11-20 19:53:09,068] INFO -   [4/500] Collecting ripple (XRP)...
[2025-11-20 19:53:29,225] INFO -     ✅ 366 records
[2025-11-20 19:53:29,226] INFO -   [5/500] Collecting binancecoin (BNB)...
[2025-11-20 19:53:49,645] INFO -     ✅ 366 records
[2025-11-20 19:53:49,645] INFO -   [6/500] Collecting solana (SOL)...
[2025-11-20 19:54:10,030] INFO -     ✅ 366 records
[2025-11-20 19:54:10,030] INFO -   [7/500] Collecting usd-coin (USDC)...
[2025-11-20 19:54:30,274] INFO -     ✅ 366 records
[2025-11-20 19:54:30,274] INFO -   [8/500] Collecting tron (TRX)...
[2025-11-20 19:54:50,457] INFO -     ✅ 366 records
[2025-11-20 19:54:50,458] INFO -   [9/500] Collecting staked-ether (STETH)...
[2025-11-20 19:55:10,621] INFO -     ✅ 366 records
[2025-11-20 19:55:10,622] INFO -   [10/500] Collecting dogecoin (DOGE)...
[2025-11-20 19:55:30,779] INFO -     ✅ 366 records
[2025-11-20 19:55:30,779] INFO -   [11/500] Collecting cardano (ADA)...
[2025-11-20 19:55:50,917] INFO -     ✅ 366 records
[2025-11-20 19:55:50,918] INFO -   [12/500] Collecting figure-heloc (FIGR_HELOC)...
[2025-11-20 19:56:11,135] INFO -     ✅ 89 records
[2025-11-20 19:56:11,135] INFO -   [13/500] Collecting whitebit (WBT)...
[2025-11-20 19:56:31,276] INFO -     ✅ 353 records
[2025-11-20 19:56:31,276] INFO -   [14/500] Collecting wrapped-steth (WSTETH)...
[2025-11-20 19:56:51,486] INFO -     ✅ 366 records
[2025-11-20 19:56:51,487] INFO -   [15/500] Collecting wrapped-bitcoin (WBTC)...
[2025-11-20 19:57:11,968] INFO -     ✅ 366 records
[2025-11-20 19:57:11,968] INFO -   [16/500] Collecting zcash (ZEC)...
[2025-11-20 19:57:32,202] INFO -     ✅ 366 records
[2025-11-20 19:57:32,203] INFO -   [17/500] Collecting hyperliquid (HYPE)...
[2025-11-20 19:57:52,426] INFO -     ✅ 359 records
[2025-11-20 19:57:52,426] INFO -   [18/500] Collecting wrapped-beacon-eth (WBETH)...
[2025-11-20 19:58:13,552] INFO -     ✅ 366 records
[2025-11-20 19:58:13,552] INFO -   [19/500] Collecting bitcoin-cash (BCH)...
[2025-11-20 19:58:33,805] INFO -     ✅ 366 records
[2025-11-20 19:58:33,805] INFO -   [20/500] Collecting usds (USDS)...
[2025-11-20 19:58:53,956] INFO -     ✅ 366 records
[2025-11-20 19:58:53,956] INFO -   [21/500] Collecting chainlink (LINK)...
[2025-11-20 19:59:14,197] INFO -     ✅ 366 records
[2025-11-20 19:59:14,198] INFO -   [22/500] Collecting binance-bridged-usdt-bnb-smart-chain (BSC-USD)...
[2025-11-20 19:59:34,394] INFO -     ✅ 366 records
[2025-11-20 19:59:34,395] INFO -   [23/500] Collecting leo-token (LEO)...
[2025-11-20 19:59:54,546] INFO -     ✅ 366 records
[2025-11-20 19:59:54,547] INFO -   [24/500] Collecting stellar (XLM)...
[2025-11-20 20:00:14,723] INFO -     ✅ 366 records
[2025-11-20 20:00:14,724] INFO -   [25/500] Collecting ethena-usde (USDE)...
[2025-11-20 20:00:34,967] INFO -     ✅ 366 records
[2025-11-20 20:00:34,968] INFO -   [26/500] Collecting weth (WETH)...
[2025-11-20 20:00:55,334] INFO -     ✅ 366 records
[2025-11-20 20:00:55,334] INFO -   [27/500] Collecting wrapped-eeth (WEETH)...
[2025-11-20 20:01:15,607] INFO -     ✅ 366 records
[2025-11-20 20:01:15,608] INFO -   [28/500] Collecting litecoin (LTC)...
[2025-11-20 20:01:35,785] INFO -     ✅ 366 records
[2025-11-20 20:01:35,785] INFO -   [29/500] Collecting monero (XMR)...
[2025-11-20 20:01:56,049] INFO -     ✅ 366 records
[2025-11-20 20:01:56,050] INFO -   [30/500] Collecting coinbase-wrapped-btc (CBBTC)...
[2025-11-20 20:02:16,271] INFO -     ✅ 366 records
[2025-11-20 20:02:16,271] INFO -   [31/500] Collecting avalanche-2 (AVAX)...
[2025-11-20 20:02:37,095] INFO -     ✅ 366 records
[2025-11-20 20:02:37,097] INFO -   [32/500] Collecting hedera-hashgraph (HBAR)...
[2025-11-20 20:02:58,045] INFO -     ✅ 366 records
[2025-11-20 20:02:58,045] INFO -   [33/500] Collecting sui (SUI)...
[2025-11-20 20:03:18,355] INFO -     ✅ 366 records
[2025-11-20 20:03:18,355] INFO -   [34/500] Collecting shiba-inu (SHIB)...
[2025-11-20 20:03:38,581] INFO -     ✅ 366 records
[2025-11-20 20:03:38,581] INFO -   [35/500] Collecting dai (DAI)...
[2025-11-20 20:03:58,826] INFO -     ✅ 366 records
[2025-11-20 20:03:58,827] INFO -   [36/500] Collecting ethena-staked-usde (SUSDE)...
[2025-11-20 20:04:19,069] INFO -     ✅ 366 records
[2025-11-20 20:04:19,070] INFO -   [37/500] Collecting polkadot (DOT)...
[2025-11-20 20:05:07,847] INFO -     ✅ 366 records
[2025-11-20 20:05:07,848] INFO -   [38/500] Collecting uniswap (UNI)...
[2025-11-20 20:05:28,439] INFO -     ✅ 366 records
[2025-11-20 20:05:28,440] INFO -   [39/500] Collecting usdt0 (USDT0)...
[2025-11-20 20:20:47,147] INFO -     ✅ 304 records
[2025-11-20 20:20:47,148] INFO -   [40/500] Collecting the-open-network (TON)...
[2025-11-20 20:21:07,510] INFO -     ✅ 366 records
[2025-11-20 20:21:07,511] INFO -   [41/500] Collecting crypto-com-chain (CRO)...
[2025-11-20 20:21:27,678] INFO -     ✅ 366 records
[2025-11-20 20:21:27,678] INFO -   [42/500] Collecting susds (SUSDS)...
[2025-11-20 20:21:47,904] INFO -     ✅ 345 records
[2025-11-20 20:21:47,904] INFO -   [43/500] Collecting paypal-usd (PYUSD)...
[2025-11-20 20:22:08,117] INFO -     ✅ 366 records
[2025-11-20 20:22:08,117] INFO -   [44/500] Collecting world-liberty-financial (WLFI)...
[2025-11-20 20:22:28,323] INFO -     ✅ 83 records
[2025-11-20 20:22:28,323] INFO -   [45/500] Collecting memecore (M)...
[2025-11-20 20:22:48,470] INFO -     ✅ 143 records
[2025-11-20 20:22:48,470] INFO -   [46/500] Collecting mantle (MNT)...
[2025-11-20 20:23:08,625] INFO -     ✅ 366 records
[2025-11-20 20:23:08,625] INFO -   [47/500] Collecting canton-network (CC)...
[2025-11-20 20:23:28,760] INFO -     ✅ 13 records
[2025-11-20 20:23:28,762] INFO -   [48/500] Collecting bittensor (TAO)...
[2025-11-20 20:23:48,977] INFO -     ✅ 366 records
[2025-11-20 20:23:48,977] INFO -   [49/500] Collecting usd1-wlfi (USD1)...
[2025-11-20 20:24:09,125] INFO -     ✅ 226 records
[2025-11-20 20:24:09,125] INFO -   [50/500] Collecting near (NEAR)...
[2025-11-20 20:24:29,269] INFO -     ✅ 366 records
[2025-11-20 20:24:29,269] INFO -   [51/500] Collecting internet-computer (ICP)...
[2025-11-20 20:24:49,411] INFO -     ✅ 366 records
[2025-11-20 20:24:49,412] INFO -   [52/500] Collecting c1usd (C1USD)...
[2025-11-20 20:25:09,743] INFO -     ✅ 53 records
[2025-11-20 20:25:09,744] INFO -   [53/500] Collecting aave (AAVE)...
[2025-11-20 20:25:29,960] INFO -     ✅ 366 records
[2025-11-20 20:25:29,961] INFO -   [54/500] Collecting aster-2 (ASTER)...
[2025-11-20 20:25:50,168] INFO -     ✅ 65 records
[2025-11-20 20:25:50,168] INFO -   [55/500] Collecting bitget-token (BGB)...
[2025-11-20 20:26:10,681] INFO -     ✅ 366 records
[2025-11-20 20:26:10,682] INFO -   [56/500] Collecting blackrock-usd-institutional-digital-liquidity-fund (BUIDL)...
[2025-11-20 20:26:31,237] INFO -     ✅ 284 records
[2025-11-20 20:26:31,239] INFO -   [57/500] Collecting falcon-finance (USDF)...
[2025-11-20 20:26:51,517] INFO -     ✅ 273 records
[2025-11-20 20:26:51,518] INFO -   [58/500] Collecting okb (OKB)...
[2025-11-20 20:27:11,666] INFO -     ✅ 366 records
[2025-11-20 20:27:11,666] INFO -   [59/500] Collecting tether-gold (XAUT)...
[2025-11-20 20:27:31,800] INFO -     ✅ 366 records
[2025-11-20 20:27:31,800] INFO -   [60/500] Collecting ethereum-classic (ETC)...
[2025-11-20 20:27:52,026] INFO -     ✅ 366 records
[2025-11-20 20:27:52,027] INFO -   [61/500] Collecting aptos (APT)...
[2025-11-20 20:28:12,250] INFO -     ✅ 366 records
[2025-11-20 20:28:12,250] INFO -   [62/500] Collecting pi-network (PI)...
[2025-11-20 20:28:32,408] INFO -     ✅ 276 records
[2025-11-20 20:28:32,409] INFO -   [63/500] Collecting pepe (PEPE)...
[2025-11-20 20:28:52,600] INFO -     ✅ 366 records
[2025-11-20 20:28:52,600] INFO -   [64/500] Collecting ethena (ENA)...
[2025-11-20 20:29:14,368] INFO -     ✅ 366 records
[2025-11-20 20:29:14,370] INFO -   [65/500] Collecting jito-staked-sol (JITOSOL)...
[2025-11-20 20:29:34,561] INFO -     ✅ 366 records
[2025-11-20 20:29:34,562] INFO -   [66/500] Collecting jupiter-perpetuals-liquidity-provider-token (JLP)...
[2025-11-20 20:29:54,718] INFO -     ✅ 366 records
[2025-11-20 20:29:54,719] INFO -   [67/500] Collecting pump-fun (PUMP)...
[2025-11-20 20:30:15,017] INFO -     ✅ 132 records
[2025-11-20 20:30:15,018] INFO -   [68/500] Collecting wrapped-solana (SOL)...
[2025-11-20 20:30:35,173] INFO -     ✅ 366 records
[2025-11-20 20:30:35,173] INFO -   [69/500] Collecting binance-peg-weth (WETH)...
[2025-11-20 20:30:55,323] INFO -     ✅ 366 records
[2025-11-20 20:30:55,324] INFO -   [70/500] Collecting htx-dao (HTX)...
[2025-11-20 20:31:15,556] INFO -     ✅ 366 records
[2025-11-20 20:31:15,556] INFO -   [71/500] Collecting ondo-finance (ONDO)...
[2025-11-20 20:31:36,078] INFO -     ✅ 366 records
[2025-11-20 20:31:36,079] INFO -   [72/500] Collecting worldcoin-wld (WLD)...
[2025-11-20 20:31:56,228] INFO -     ✅ 366 records
[2025-11-20 20:31:56,229] INFO -   [73/500] Collecting kucoin-shares (KCS)...
[2025-11-20 20:32:16,446] INFO -     ✅ 366 records
[2025-11-20 20:32:16,447] INFO -   [74/500] Collecting polygon-ecosystem-token (POL)...
[2025-11-20 20:32:36,629] INFO -     ✅ 366 records
[2025-11-20 20:32:36,631] INFO -   [75/500] Collecting pax-gold (PAXG)...
[2025-11-20 20:32:56,800] INFO -     ✅ 366 records
[2025-11-20 20:32:56,801] INFO -   [76/500] Collecting hash-2 (HASH)...
[2025-11-20 20:33:17,159] INFO -     ✅ 178 records
[2025-11-20 20:33:17,161] INFO -   [77/500] Collecting usdtb (USDTB)...
[2025-11-20 20:33:37,633] INFO -     ✅ 340 records
[2025-11-20 20:33:37,633] INFO -   [78/500] Collecting official-trump (TRUMP)...
[2025-11-20 20:33:57,867] INFO -     ✅ 309 records
[2025-11-20 20:33:57,868] INFO -   [79/500] Collecting cosmos (ATOM)...
[2025-11-20 20:34:18,035] INFO -     ✅ 366 records
[2025-11-20 20:34:18,035] INFO -   [80/500] Collecting bfusd (BFUSD)...
[2025-11-20 20:34:38,276] INFO -     ✅ 101 records
[2025-11-20 20:34:38,276] INFO -   [81/500] Collecting syrupusdc (SYRUPUSDC)...
[2025-11-20 20:34:58,451] INFO -     ✅ 266 records
[2025-11-20 20:34:58,451] INFO -   [82/500] Collecting filecoin (FIL)...
[2025-11-20 20:35:18,611] INFO -     ✅ 366 records
[2025-11-20 20:35:18,612] INFO -   [83/500] Collecting binance-bridged-usdc-bnb-smart-chain (USDC)...
[2025-11-20 20:35:38,881] INFO -     ✅ 366 records
[2025-11-20 20:35:38,882] INFO -   [84/500] Collecting algorand (ALGO)...
[2025-11-20 20:35:59,087] INFO -     ✅ 366 records
[2025-11-20 20:35:59,087] INFO -   [85/500] Collecting arbitrum (ARB)...
[2025-11-20 20:36:19,306] INFO -     ✅ 366 records
[2025-11-20 20:36:19,306] INFO -   [86/500] Collecting kinetic-staked-hype (KHYPE)...
[2025-11-20 20:36:39,515] INFO -     ✅ 130 records
[2025-11-20 20:36:39,515] INFO -   [87/500] Collecting rocket-pool-eth (RETH)...
[2025-11-20 20:36:59,700] INFO -     ✅ 366 records
[2025-11-20 20:36:59,700] INFO -   [88/500] Collecting global-dollar (USDG)...
[2025-11-20 20:37:19,907] INFO -     ✅ 366 records
[2025-11-20 20:37:19,907] INFO -   [89/500] Collecting hashnote-usyc (USYC)...
[2025-11-20 20:37:40,128] INFO -     ✅ 327 records
[2025-11-20 20:37:40,129] INFO -   [90/500] Collecting wbnb (WBNB)...
[2025-11-20 20:38:00,348] INFO -     ✅ 366 records
[2025-11-20 20:38:00,349] INFO -   [91/500] Collecting binance-staked-sol (BNSOL)...
[2025-11-20 20:38:20,528] INFO -     ✅ 366 records
[2025-11-20 20:38:20,528] INFO -   [92/500] Collecting syrupusdt (SYRUPUSDT)...
[2025-11-20 20:38:40,751] INFO -     ✅ 55 records
[2025-11-20 20:38:40,752] INFO -   [93/500] Collecting gatechain-token (GT)...
[2025-11-20 20:39:01,001] INFO -     ✅ 366 records
[2025-11-20 20:39:01,002] INFO -   [94/500] Collecting vechain (VET)...
[2025-11-20 20:39:21,185] INFO -     ✅ 366 records
[2025-11-20 20:39:21,185] INFO -   [95/500] Collecting ripple-usd (RLUSD)...
[2025-11-20 20:39:41,567] INFO -     ✅ 341 records
[2025-11-20 20:39:41,568] INFO -   [96/500] Collecting sky (SKY)...
[2025-11-20 20:40:01,839] INFO -     ✅ 366 records
[2025-11-20 20:40:01,841] INFO -   [97/500] Collecting quant-network (QNT)...
[2025-11-20 20:40:22,080] INFO -     ✅ 366 records
[2025-11-20 20:40:22,081] INFO -   [98/500] Collecting kaspa (KAS)...
[2025-11-20 20:40:42,253] INFO -     ✅ 366 records
[2025-11-20 20:40:42,253] INFO -   [99/500] Collecting ignition-fbtc (FBTC)...
[2025-11-20 20:41:02,524] INFO -     ✅ 366 records
[2025-11-20 20:41:02,525] INFO -   [100/500] Collecting flare-networks (FLR)...
[2025-11-20 20:41:22,786] INFO -     ✅ 366 records
[2025-11-20 20:41:22,786] INFO -   [101/500] Collecting kelp-dao-restaked-eth (RSETH)...
[2025-11-20 20:41:42,968] INFO -     ✅ 366 records
[2025-11-20 20:41:42,968] INFO -   [102/500] Collecting starknet (STRK)...
[2025-11-20 20:42:03,157] INFO -     ✅ 366 records
[2025-11-20 20:42:03,157] INFO -   [103/500] Collecting render-token (RENDER)...
[2025-11-20 20:42:23,329] INFO -     ✅ 366 records
[2025-11-20 20:42:23,329] INFO -   [104/500] Collecting lombard-staked-btc (LBTC)...
[2025-11-20 20:42:43,590] INFO -     ✅ 366 records
[2025-11-20 20:42:43,592] INFO -   [105/500] Collecting superstate-short-duration-us-government-securities-fund-ustb (USTB)...
[2025-11-20 20:43:03,825] INFO -     ✅ 366 records
[2025-11-20 20:43:03,826] INFO -   [106/500] Collecting liquid-staked-ethereum (LSETH)...
[2025-11-20 20:43:23,990] INFO -     ✅ 366 records
[2025-11-20 20:43:23,991] INFO -   [107/500] Collecting first-digital-usd (FDUSD)...
[2025-11-20 20:43:44,158] INFO -     ✅ 366 records
[2025-11-20 20:43:44,158] INFO -   [108/500] Collecting nexo (NEXO)...
[2025-11-20 20:44:04,339] INFO -     ✅ 366 records
[2025-11-20 20:44:04,340] INFO -   [109/500] Collecting sei-network (SEI)...
[2025-11-20 20:44:24,556] INFO -     ✅ 366 records
[2025-11-20 20:44:24,556] INFO -   [110/500] Collecting solv-btc (SOLVBTC)...
[2025-11-20 20:44:44,775] INFO -     ✅ 366 records
[2025-11-20 20:44:44,776] INFO -   [111/500] Collecting xdce-crowd-sale (XDC)...
[2025-11-20 20:45:04,979] INFO -     ✅ 366 records
[2025-11-20 20:45:04,980] INFO -   [112/500] Collecting dash (DASH)...
[2025-11-20 20:45:25,168] INFO -     ✅ 366 records
[2025-11-20 20:45:25,169] INFO -   [113/500] Collecting morpho (MORPHO)...
[2025-11-20 20:45:45,322] INFO -     ✅ 366 records
[2025-11-20 20:45:45,322] INFO -   [114/500] Collecting renzo-restaked-eth (EZETH)...
[2025-11-20 20:46:06,117] INFO -     ✅ 366 records
[2025-11-20 20:46:06,118] INFO -   [115/500] Collecting story-2 (IP)...
[2025-11-20 20:46:26,281] INFO -     ✅ 283 records
[2025-11-20 20:46:26,281] INFO -   [116/500] Collecting jupiter-exchange-solana (JUP)...
[2025-11-20 20:46:46,532] INFO -     ✅ 366 records
[2025-11-20 20:46:46,532] INFO -   [117/500] Collecting rain (RAIN)...
[2025-11-20 20:47:06,759] INFO -     ✅ 73 records
[2025-11-20 20:47:06,759] INFO -   [118/500] Collecting fetch-ai (FET)...
[2025-11-20 20:47:26,970] INFO -     ✅ 366 records
[2025-11-20 20:47:26,972] INFO -   [119/500] Collecting bonk (BONK)...
[2025-11-20 20:47:47,121] INFO -     ✅ 366 records
[2025-11-20 20:47:47,121] INFO -   [120/500] Collecting ousg (OUSG)...
[2025-11-20 20:48:07,349] INFO -     ✅ 366 records
[2025-11-20 20:48:07,349] INFO -   [121/500] Collecting janus-henderson-anemoy-aaa-clo-fund (JAAA)...
[2025-11-20 20:48:27,768] INFO -     ✅ 10 records
[2025-11-20 20:48:27,769] INFO -   [122/500] Collecting pancakeswap-token (CAKE)...
[2025-11-20 20:48:48,013] INFO -     ✅ 366 records
[2025-11-20 20:48:48,015] INFO -   [123/500] Collecting fasttoken (FTN)...
[2025-11-20 20:49:08,186] INFO -     ✅ 366 records
[2025-11-20 20:49:08,186] INFO -   [124/500] Collecting pudgy-penguins (PENGU)...
[2025-11-20 20:49:28,350] INFO -     ✅ 341 records
[2025-11-20 20:49:28,350] INFO -   [125/500] Collecting mantle-staked-ether (METH)...
[2025-11-20 20:49:48,566] INFO -     ✅ 366 records
[2025-11-20 20:49:48,566] INFO -   [126/500] Collecting arbitrum-bridged-wbtc-arbitrum-one (WBTC)...
[2025-11-20 20:50:08,747] INFO -     ✅ 366 records
[2025-11-20 20:50:08,749] INFO -   [127/500] Collecting ondo-us-dollar-yield (USDY)...
[2025-11-20 20:50:28,924] INFO -     ✅ 366 records
[2025-11-20 20:50:28,924] INFO -   [128/500] Collecting optimism (OP)...
[2025-11-20 20:50:49,089] INFO -     ✅ 366 records
[2025-11-20 20:50:49,090] INFO -   [129/500] Collecting clbtc (CLBTC)...
[2025-11-20 20:51:09,254] INFO -     ✅ 292 records
[2025-11-20 20:51:09,254] INFO -   [130/500] Collecting virtual-protocol (VIRTUAL)...
[2025-11-20 20:51:29,420] INFO -     ✅ 366 records
[2025-11-20 20:51:29,420] INFO -   [131/500] Collecting aerodrome-finance (AERO)...
[2025-11-20 20:51:49,739] INFO -     ✅ 366 records
[2025-11-20 20:51:49,741] INFO -   [132/500] Collecting jupiter-staked-sol (JUPSOL)...
[2025-11-20 20:52:09,912] INFO -     ✅ 366 records
[2025-11-20 20:52:09,912] INFO -   [133/500] Collecting beldex (BDX)...
[2025-11-20 20:52:30,071] INFO -     ✅ 366 records
[2025-11-20 20:52:30,071] INFO -   [134/500] Collecting celestia (TIA)...
[2025-11-20 20:52:50,455] INFO -     ✅ 366 records
[2025-11-20 20:52:50,455] INFO -   [135/500] Collecting lido-dao (LDO)...
[2025-11-20 20:53:10,678] INFO -     ✅ 366 records
[2025-11-20 20:53:10,679] INFO -   [136/500] Collecting polygon-pos-bridged-dai-polygon-pos (DAI)...
[2025-11-20 20:53:30,827] INFO -     ✅ 366 records
[2025-11-20 20:53:30,828] INFO -   [137/500] Collecting injective-protocol (INJ)...
[2025-11-20 20:53:51,047] INFO -     ✅ 366 records
[2025-11-20 20:53:51,048] INFO -   [138/500] Collecting blockstack (STX)...
[2025-11-20 20:54:11,195] INFO -     ✅ 366 records
[2025-11-20 20:54:11,196] INFO -   [139/500] Collecting bridged-usdc-polygon-pos-bridge (USDC.E)...
[2025-11-20 20:54:31,419] INFO -     ✅ 366 records
[2025-11-20 20:54:31,420] INFO -   [140/500] Collecting curve-dao-token (CRV)...
[2025-11-20 20:54:51,597] INFO -     ✅ 366 records
[2025-11-20 20:54:51,598] INFO -   [141/500] Collecting newton-project (AB)...
[2025-11-20 20:55:11,769] INFO -     ✅ 366 records
[2025-11-20 20:55:11,769] INFO -   [142/500] Collecting stakewise-v3-oseth (OSETH)...
[2025-11-20 20:55:32,049] INFO -     ✅ 366 records
[2025-11-20 20:55:32,051] INFO -   [143/500] Collecting the-graph (GRT)...
[2025-11-20 20:55:52,376] INFO -     ✅ 366 records
[2025-11-20 20:55:52,377] INFO -   [144/500] Collecting l2-standard-bridged-weth-base (WETH)...
[2025-11-20 20:56:12,594] INFO -     ✅ 366 records
[2025-11-20 20:56:12,595] INFO -   [145/500] Collecting usual-usd (USD0)...
[2025-11-20 20:56:32,769] INFO -     ✅ 366 records
[2025-11-20 20:56:32,771] INFO -   [146/500] Collecting tezos (XTZ)...
[2025-11-20 20:56:53,016] INFO -     ✅ 366 records
[2025-11-20 20:56:53,016] INFO -   [147/500] Collecting msol (MSOL)...
[2025-11-20 20:57:13,206] INFO -     ✅ 366 records
[2025-11-20 20:57:13,206] INFO -   [148/500] Collecting usdai (USDAI)...
[2025-11-20 20:57:33,812] INFO -     ✅ 142 records
[2025-11-20 20:57:33,813] INFO -   [149/500] Collecting tbtc (TBTC)...
[2025-11-20 20:57:54,103] INFO -     ✅ 366 records
[2025-11-20 20:57:54,104] INFO -   [150/500] Collecting telcoin (TEL)...
[2025-11-20 20:58:14,286] INFO -     ✅ 366 records
[2025-11-20 20:58:14,286] INFO -   [151/500] Collecting true-usd (TUSD)...
[2025-11-20 20:58:34,442] INFO -     ✅ 366 records
[2025-11-20 20:58:34,443] INFO -   [152/500] Collecting cgeth-hashkey-cloud (CGETH.HASHKEY)...
[2025-11-20 20:58:54,672] INFO -     ✅ 280 records
[2025-11-20 20:58:54,672] INFO -   [153/500] Collecting decred (DCR)...
[2025-11-20 20:59:14,897] INFO -     ✅ 366 records
[2025-11-20 20:59:14,898] INFO -   [154/500] Collecting iota (IOTA)...
[2025-11-20 20:59:35,063] INFO -     ✅ 366 records
[2025-11-20 20:59:35,064] INFO -   [155/500] Collecting mantle-bridged-usdt-mantle (USDT)...
[2025-11-20 20:59:55,222] INFO -     ✅ 366 records
[2025-11-20 20:59:55,222] INFO -   [156/500] Collecting arbitrum-bridged-weth-arbitrum-one (WETH)...
[2025-11-20 21:00:15,426] INFO -     ✅ 366 records
[2025-11-20 21:00:15,427] INFO -   [157/500] Collecting ether-fi (ETHFI)...
[2025-11-20 21:00:35,761] INFO -     ✅ 366 records
[2025-11-20 21:00:35,762] INFO -   [158/500] Collecting myx-finance (MYX)...
[2025-11-20 21:00:55,975] INFO -     ✅ 201 records
[2025-11-20 21:00:55,976] INFO -   [159/500] Collecting floki (FLOKI)...
[2025-11-20 21:01:16,192] INFO -     ✅ 366 records
[2025-11-20 21:01:16,192] INFO -   [160/500] Collecting kaia (KAIA)...
[2025-11-20 21:01:36,399] INFO -     ✅ 366 records
[2025-11-20 21:01:36,400] INFO -   [161/500] Collecting usdd (USDD)...
[2025-11-20 21:01:56,533] INFO -     ✅ 366 records
[2025-11-20 21:01:56,533] INFO -   [162/500] Collecting pyth-network (PYTH)...
[2025-11-20 21:02:16,671] INFO -     ✅ 366 records
[2025-11-20 21:02:16,671] INFO -   [163/500] Collecting spx6900 (SPX)...
[2025-11-20 21:02:36,806] INFO -     ✅ 366 records
[2025-11-20 21:02:36,807] INFO -   [164/500] Collecting trust-wallet-token (TWT)...
[2025-11-20 21:02:57,028] INFO -     ✅ 366 records
[2025-11-20 21:02:57,029] INFO -   [165/500] Collecting steakhouse-usdc-morpho-vault (STEAKUSDC)...
[2025-11-20 21:03:17,178] INFO -     ✅ 349 records
[2025-11-20 21:03:17,178] INFO -   [166/500] Collecting conflux-token (CFX)...
[2025-11-20 21:03:37,412] INFO -     ✅ 366 records
[2025-11-20 21:03:37,413] INFO -   [167/500] Collecting doublezero (2Z)...
[2025-11-20 21:03:57,580] INFO -     ✅ 52 records
[2025-11-20 21:03:57,581] INFO -   [168/500] Collecting ethereum-name-service (ENS)...
[2025-11-20 21:04:17,839] INFO -     ✅ 366 records
[2025-11-20 21:04:17,839] INFO -   [169/500] Collecting eutbl (EUTBL)...
[2025-11-20 21:04:38,056] INFO -     ✅ 366 records
[2025-11-20 21:04:38,057] INFO -   [170/500] Collecting plasma (XPL)...
[2025-11-20 21:04:58,180] INFO -     ✅ 59 records
[2025-11-20 21:04:58,180] INFO -   [171/500] Collecting sonic-3 (S)...
[2025-11-20 21:05:18,425] INFO -     ✅ 323 records
[2025-11-20 21:05:18,426] INFO -   [172/500] Collecting stader-ethx (ETHX)...
[2025-11-20 21:05:38,597] INFO -     ✅ 366 records
[2025-11-20 21:05:38,598] INFO -   [173/500] Collecting ape-and-pepe (APEPE)...
[2025-11-20 21:05:58,637] ERROR -     ❌ Failed: RATE LIMIT EXCEEDED (429)
API calls made: 175
CoinGecko free tier limit: 30 calls/minute
RECOMMENDATION: Increase delay between requests or register for Demo API
[2025-11-20 21:05:58,638] INFO -   [174/500] Collecting gteth (GTETH)...
[2025-11-20 21:06:18,679] ERROR -     ❌ Failed: RATE LIMIT EXCEEDED (429)
API calls made: 176
CoinGecko free tier limit: 30 calls/minute
RECOMMENDATION: Increase delay between requests or register for Demo API
[2025-11-20 21:06:18,680] INFO -   [175/500] Collecting the-sandbox (SAND)...
[2025-11-20 21:06:38,722] ERROR -     ❌ Failed: RATE LIMIT EXCEEDED (429)
API calls made: 177
CoinGecko free tier limit: 30 calls/minute
RECOMMENDATION: Increase delay between requests or register for Demo API
[2025-11-20 21:06:38,723] INFO -   [176/500] Collecting ether-fi-liquid-eth (LIQUIDETH)...
[2025-11-20 21:06:58,892] INFO -     ✅ 32 records
[2025-11-20 21:06:58,892] INFO -   [177/500] Collecting gho (GHO)...
[2025-11-20 21:07:19,085] INFO -     ✅ 366 records
[2025-11-20 21:07:19,085] INFO -   [178/500] Collecting bitcoin-cash-sv (BSV)...
[2025-11-20 21:07:39,301] INFO -     ✅ 366 records
[2025-11-20 21:07:39,302] INFO -   [179/500] Collecting sun-token (SUN)...
[2025-11-20 21:07:59,526] INFO -     ✅ 366 records
[2025-11-20 21:07:59,526] INFO -   [180/500] Collecting flow (FLOW)...
[2025-11-20 21:08:19,721] INFO -     ✅ 366 records
[2025-11-20 21:08:19,721] INFO -   [181/500] Collecting wrapped-hype (WHYPE)...
[2025-11-20 21:08:39,864] INFO -     ✅ 275 records
[2025-11-20 21:08:39,864] INFO -   [182/500] Collecting usdb (USDB)...
[2025-11-20 21:09:00,074] INFO -     ✅ 366 records
[2025-11-20 21:09:00,075] INFO -   [183/500] Collecting bittorrent (BTT)...
[2025-11-20 21:09:20,235] INFO -     ✅ 366 records
[2025-11-20 21:09:20,236] INFO -   [184/500] Collecting ether-fi-staked-eth (EETH)...
[2025-11-20 21:09:40,438] INFO -     ✅ 366 records
[2025-11-20 21:09:40,438] INFO -   [185/500] Collecting merlin-chain (MERL)...
[2025-11-20 21:10:00,590] INFO -     ✅ 366 records
[2025-11-20 21:10:00,591] INFO -   [186/500] Collecting apenft (NFT)...
[2025-11-20 21:10:20,795] INFO -     ✅ 366 records
[2025-11-20 21:10:20,796] INFO -   [187/500] Collecting binance-peg-dogecoin (DOGE)...
