[2025-11-20 17:47:57,026] INFO - CoinGecko Data Collection
[2025-11-20 17:47:57,026] INFO - Log file: logs/0001-coingecko-collection-20251120_174757.log
[2025-11-20 17:47:57,026] INFO - 
[2025-11-20 17:47:57,026] INFO - Step 1: Retrieving top 500 coins...
[2025-11-20 17:47:57,188] INFO -   Retrieved page 1/2: 250 coins
[2025-11-20 17:48:01,392] INFO -   Retrieved page 2/2: 250 coins
[2025-11-20 17:48:01,392] INFO - ✅ Retrieved 500 coins
[2025-11-20 17:48:01,392] INFO -   Sample coins:
[2025-11-20 17:48:01,392] INFO -     Rank   1: bitcoin              (BTC)
[2025-11-20 17:48:01,392] INFO -     Rank   2: ethereum             (ETH)
[2025-11-20 17:48:01,392] INFO -     Rank   3: tether               (USDT)
[2025-11-20 17:48:01,392] INFO -     Rank   4: ripple               (XRP)
[2025-11-20 17:48:01,392] INFO -     Rank   5: binancecoin          (BNB)
[2025-11-20 17:48:01,392] INFO - 
[2025-11-20 17:48:01,392] INFO - Step 2: Estimation
[2025-11-20 17:48:01,392] INFO -   Coins to collect: 500
[2025-11-20 17:48:01,393] INFO -   Rate limiting: 4.0s between requests
[2025-11-20 17:48:01,393] INFO -   Estimated time: 33.3 minutes
[2025-11-20 17:48:01,393] INFO - 
[2025-11-20 17:48:01,393] INFO - Step 3: Collecting historical data...
[2025-11-20 17:48:01,393] INFO -   (This may take 33 minutes)
[2025-11-20 17:48:01,393] INFO - 
[2025-11-20 17:48:01,393] INFO -   [1/500] Collecting bitcoin (BTC)...
[2025-11-20 17:48:05,531] INFO -     ✅ 366 records
[2025-11-20 17:48:05,531] INFO -   [2/500] Collecting ethereum (ETH)...
[2025-11-20 17:48:09,674] INFO -     ✅ 366 records
[2025-11-20 17:48:09,675] INFO -   [3/500] Collecting tether (USDT)...
[2025-11-20 17:48:13,832] INFO -     ✅ 366 records
[2025-11-20 17:48:13,832] INFO -   [4/500] Collecting ripple (XRP)...
[2025-11-20 17:48:17,972] INFO -     ✅ 366 records
[2025-11-20 17:48:17,972] INFO -   [5/500] Collecting binancecoin (BNB)...
[2025-11-20 17:48:22,117] INFO -     ✅ 366 records
[2025-11-20 17:48:22,119] INFO -   [6/500] Collecting solana (SOL)...
[2025-11-20 17:48:26,262] INFO -     ✅ 366 records
[2025-11-20 17:48:26,262] INFO -   [7/500] Collecting usd-coin (USDC)...
[2025-11-20 17:48:30,396] INFO -     ✅ 366 records
[2025-11-20 17:48:30,396] INFO -   [8/500] Collecting tron (TRX)...
[2025-11-20 17:48:34,539] INFO -     ✅ 366 records
[2025-11-20 17:48:34,539] INFO -   [9/500] Collecting staked-ether (STETH)...
[2025-11-20 17:48:38,715] INFO -     ✅ 366 records
[2025-11-20 17:48:38,715] INFO -   [10/500] Collecting dogecoin (DOGE)...
[2025-11-20 17:48:42,857] INFO -     ✅ 366 records
[2025-11-20 17:48:42,857] INFO -   [11/500] Collecting cardano (ADA)...
[2025-11-20 17:48:47,025] INFO -     ✅ 366 records
[2025-11-20 17:48:47,025] INFO -   [12/500] Collecting figure-heloc (FIGR_HELOC)...
[2025-11-20 17:48:51,152] INFO -     ✅ 89 records
[2025-11-20 17:48:51,152] INFO -   [13/500] Collecting whitebit (WBT)...
[2025-11-20 17:48:55,310] INFO -     ✅ 353 records
[2025-11-20 17:48:55,310] INFO -   [14/500] Collecting wrapped-steth (WSTETH)...
[2025-11-20 17:48:59,459] INFO -     ✅ 366 records
[2025-11-20 17:48:59,460] INFO -   [15/500] Collecting zcash (ZEC)...
[2025-11-20 17:49:03,593] INFO -     ✅ 366 records
[2025-11-20 17:49:03,593] INFO -   [16/500] Collecting wrapped-bitcoin (WBTC)...
[2025-11-20 17:49:07,769] INFO -     ✅ 366 records
[2025-11-20 17:49:07,769] INFO -   [17/500] Collecting hyperliquid (HYPE)...
[2025-11-20 17:49:11,909] INFO -     ✅ 359 records
[2025-11-20 17:49:11,910] INFO -   [18/500] Collecting wrapped-beacon-eth (WBETH)...
[2025-11-20 17:49:16,062] INFO -     ✅ 366 records
[2025-11-20 17:49:16,062] INFO -   [19/500] Collecting bitcoin-cash (BCH)...
[2025-11-20 17:49:20,223] INFO -     ✅ 366 records
[2025-11-20 17:49:20,224] INFO -   [20/500] Collecting chainlink (LINK)...
[2025-11-20 17:49:24,382] INFO -     ✅ 366 records
[2025-11-20 17:49:24,382] INFO -   [21/500] Collecting usds (USDS)...
[2025-11-20 17:49:28,601] INFO -     ✅ 366 records
[2025-11-20 17:49:28,601] INFO -   [22/500] Collecting binance-bridged-usdt-bnb-smart-chain (BSC-USD)...
[2025-11-20 17:49:32,751] INFO -     ✅ 366 records
[2025-11-20 17:49:32,751] INFO -   [23/500] Collecting leo-token (LEO)...
[2025-11-20 17:49:36,922] INFO -     ✅ 366 records
[2025-11-20 17:49:36,923] INFO -   [24/500] Collecting stellar (XLM)...
[2025-11-20 17:49:41,107] INFO -     ✅ 366 records
[2025-11-20 17:49:41,108] INFO -   [25/500] Collecting ethena-usde (USDE)...
[2025-11-20 17:49:45,331] INFO -     ✅ 366 records
[2025-11-20 17:49:45,333] INFO -   [26/500] Collecting weth (WETH)...
[2025-11-20 17:49:49,509] INFO -     ✅ 366 records
[2025-11-20 17:49:49,510] INFO -   [27/500] Collecting wrapped-eeth (WEETH)...
[2025-11-20 17:49:53,685] INFO -     ✅ 366 records
[2025-11-20 17:49:53,685] INFO -   [28/500] Collecting litecoin (LTC)...
[2025-11-20 17:49:57,867] INFO -     ✅ 366 records
[2025-11-20 17:49:57,867] INFO -   [29/500] Collecting coinbase-wrapped-btc (CBBTC)...
[2025-11-20 17:50:02,047] INFO -     ✅ 366 records
[2025-11-20 17:50:02,047] INFO -   [30/500] Collecting monero (XMR)...
[2025-11-20 17:50:06,276] INFO -     ✅ 366 records
[2025-11-20 17:50:06,276] INFO -   [31/500] Collecting avalanche-2 (AVAX)...
[2025-11-20 17:50:10,508] INFO -     ✅ 366 records
[2025-11-20 17:50:10,508] INFO -   [32/500] Collecting hedera-hashgraph (HBAR)...
[2025-11-20 17:50:14,715] INFO -     ✅ 366 records
[2025-11-20 17:50:14,715] INFO -   [33/500] Collecting sui (SUI)...
[2025-11-20 17:50:18,905] INFO -     ✅ 366 records
[2025-11-20 17:50:18,906] INFO -   [34/500] Collecting shiba-inu (SHIB)...
[2025-11-20 17:50:23,097] INFO -     ✅ 366 records
[2025-11-20 17:50:23,097] INFO -   [35/500] Collecting dai (DAI)...
[2025-11-20 17:50:27,265] INFO -     ✅ 366 records
[2025-11-20 17:50:27,266] INFO -   [36/500] Collecting ethena-staked-usde (SUSDE)...
[2025-11-20 17:50:31,431] INFO -     ✅ 366 records
[2025-11-20 17:50:31,431] INFO -   [37/500] Collecting uniswap (UNI)...
[2025-11-20 17:50:35,596] INFO -     ✅ 366 records
[2025-11-20 17:50:35,596] INFO -   [38/500] Collecting polkadot (DOT)...
[2025-11-20 17:50:39,772] INFO -     ✅ 366 records
[2025-11-20 17:50:39,772] INFO -   [39/500] Collecting the-open-network (TON)...
[2025-11-20 17:50:43,944] INFO -     ✅ 366 records
[2025-11-20 17:50:43,944] INFO -   [40/500] Collecting usdt0 (USDT0)...
[2025-11-20 17:50:48,128] INFO -     ✅ 304 records
[2025-11-20 17:50:48,128] INFO -   [41/500] Collecting crypto-com-chain (CRO)...
[2025-11-20 17:50:52,296] INFO -     ✅ 366 records
[2025-11-20 17:50:52,296] INFO -   [42/500] Collecting susds (SUSDS)...
[2025-11-20 17:50:56,489] INFO -     ✅ 345 records
[2025-11-20 17:50:56,489] INFO -   [43/500] Collecting world-liberty-financial (WLFI)...
[2025-11-20 17:51:00,667] INFO -     ✅ 83 records
[2025-11-20 17:51:00,668] INFO -   [44/500] Collecting paypal-usd (PYUSD)...
[2025-11-20 17:51:04,871] INFO -     ✅ 366 records
[2025-11-20 17:51:04,871] INFO -   [45/500] Collecting memecore (M)...
[2025-11-20 17:51:09,033] INFO -     ✅ 143 records
[2025-11-20 17:51:09,033] INFO -   [46/500] Collecting mantle (MNT)...
[2025-11-20 17:51:13,228] INFO -     ✅ 366 records
[2025-11-20 17:51:13,229] INFO -   [47/500] Collecting canton-network (CC)...
[2025-11-20 17:51:17,381] INFO -     ✅ 13 records
[2025-11-20 17:51:17,381] INFO -   [48/500] Collecting bittensor (TAO)...
[2025-11-20 17:51:21,605] INFO -     ✅ 366 records
[2025-11-20 17:51:21,605] INFO -   [49/500] Collecting usd1-wlfi (USD1)...
[2025-11-20 17:51:25,776] INFO -     ✅ 226 records
[2025-11-20 17:51:25,777] INFO -   [50/500] Collecting near (NEAR)...
[2025-11-20 17:51:29,938] INFO -     ✅ 366 records
[2025-11-20 17:51:29,938] INFO -   [51/500] Collecting internet-computer (ICP)...
[2025-11-20 17:51:34,113] INFO -     ✅ 366 records
[2025-11-20 17:51:34,113] INFO -   [52/500] Collecting c1usd (C1USD)...
[2025-11-20 17:51:38,281] INFO -     ✅ 53 records
[2025-11-20 17:51:38,281] INFO -   [53/500] Collecting aave (AAVE)...
[2025-11-20 17:51:42,474] INFO -     ✅ 366 records
[2025-11-20 17:51:42,474] INFO -   [54/500] Collecting bitget-token (BGB)...
[2025-11-20 17:51:46,686] INFO -     ✅ 366 records
[2025-11-20 17:51:46,686] INFO -   [55/500] Collecting aster-2 (ASTER)...
[2025-11-20 17:51:50,886] INFO -     ✅ 65 records
[2025-11-20 17:51:50,886] INFO -   [56/500] Collecting blackrock-usd-institutional-digital-liquidity-fund (BUIDL)...
[2025-11-20 17:51:55,070] INFO -     ✅ 284 records
[2025-11-20 17:51:55,071] INFO -   [57/500] Collecting okb (OKB)...
[2025-11-20 17:51:59,250] INFO -     ✅ 366 records
[2025-11-20 17:51:59,250] INFO -   [58/500] Collecting falcon-finance (USDF)...
[2025-11-20 17:52:03,435] INFO -     ✅ 273 records
[2025-11-20 17:52:03,435] INFO -   [59/500] Collecting tether-gold (XAUT)...
[2025-11-20 17:52:07,606] INFO -     ✅ 366 records
[2025-11-20 17:52:07,607] INFO -   [60/500] Collecting ethereum-classic (ETC)...
[2025-11-20 17:52:11,778] INFO -     ✅ 366 records
[2025-11-20 17:52:11,780] INFO -   [61/500] Collecting pi-network (PI)...
[2025-11-20 17:52:15,976] INFO -     ✅ 276 records
[2025-11-20 17:52:15,977] INFO -   [62/500] Collecting aptos (APT)...
[2025-11-20 17:52:20,185] INFO -     ✅ 366 records
[2025-11-20 17:52:20,185] INFO -   [63/500] Collecting ethena (ENA)...
[2025-11-20 17:52:24,363] INFO -     ✅ 366 records
[2025-11-20 17:52:24,364] INFO -   [64/500] Collecting pepe (PEPE)...
[2025-11-20 17:52:28,540] INFO -     ✅ 366 records
[2025-11-20 17:52:28,540] INFO -   [65/500] Collecting jito-staked-sol (JITOSOL)...
[2025-11-20 17:52:32,731] INFO -     ✅ 366 records
[2025-11-20 17:52:32,731] INFO -   [66/500] Collecting jupiter-perpetuals-liquidity-provider-token (JLP)...
[2025-11-20 17:52:36,945] INFO -     ✅ 366 records
[2025-11-20 17:52:36,946] INFO -   [67/500] Collecting wrapped-solana (SOL)...
[2025-11-20 17:52:41,142] INFO -     ✅ 366 records
[2025-11-20 17:52:41,142] INFO -   [68/500] Collecting pump-fun (PUMP)...
[2025-11-20 17:52:45,278] INFO -     ✅ 132 records
[2025-11-20 17:52:45,278] INFO -   [69/500] Collecting binance-peg-weth (WETH)...
[2025-11-20 17:52:49,451] INFO -     ✅ 366 records
[2025-11-20 17:52:49,451] INFO -   [70/500] Collecting htx-dao (HTX)...
[2025-11-20 17:52:53,657] INFO -     ✅ 366 records
[2025-11-20 17:52:53,657] INFO -   [71/500] Collecting ondo-finance (ONDO)...
[2025-11-20 17:52:57,893] INFO -     ✅ 366 records
[2025-11-20 17:52:57,893] INFO -   [72/500] Collecting worldcoin-wld (WLD)...
[2025-11-20 17:53:02,119] INFO -     ✅ 366 records
[2025-11-20 17:53:02,120] INFO -   [73/500] Collecting kucoin-shares (KCS)...
[2025-11-20 17:53:06,291] INFO -     ✅ 366 records
[2025-11-20 17:53:06,291] INFO -   [74/500] Collecting polygon-ecosystem-token (POL)...
[2025-11-20 17:53:10,459] INFO -     ✅ 366 records
[2025-11-20 17:53:10,460] INFO -   [75/500] Collecting pax-gold (PAXG)...
[2025-11-20 17:53:14,645] INFO -     ✅ 366 records
[2025-11-20 17:53:14,646] INFO -   [76/500] Collecting cosmos (ATOM)...
[2025-11-20 17:53:18,830] INFO -     ✅ 366 records
[2025-11-20 17:53:18,831] INFO -   [77/500] Collecting official-trump (TRUMP)...
[2025-11-20 17:53:22,996] INFO -     ✅ 309 records
[2025-11-20 17:53:22,996] INFO -   [78/500] Collecting usdtb (USDTB)...
[2025-11-20 17:53:27,178] INFO -     ✅ 340 records
[2025-11-20 17:53:27,179] INFO -   [79/500] Collecting filecoin (FIL)...
[2025-11-20 17:53:31,335] INFO -     ✅ 366 records
[2025-11-20 17:53:31,335] INFO -   [80/500] Collecting bfusd (BFUSD)...
[2025-11-20 17:53:35,518] INFO -     ✅ 101 records
[2025-11-20 17:53:35,518] INFO -   [81/500] Collecting hash-2 (HASH)...
[2025-11-20 17:53:39,722] INFO -     ✅ 178 records
[2025-11-20 17:53:39,723] INFO -   [82/500] Collecting syrupusdc (SYRUPUSDC)...
[2025-11-20 17:53:44,021] INFO -     ✅ 266 records
[2025-11-20 17:53:44,022] INFO -   [83/500] Collecting binance-bridged-usdc-bnb-smart-chain (USDC)...
[2025-11-20 17:53:48,238] INFO -     ✅ 366 records
[2025-11-20 17:53:48,238] INFO -   [84/500] Collecting algorand (ALGO)...
[2025-11-20 17:53:52,393] INFO -     ✅ 366 records
[2025-11-20 17:53:52,393] INFO -   [85/500] Collecting kinetic-staked-hype (KHYPE)...
[2025-11-20 17:53:56,572] INFO -     ✅ 130 records
[2025-11-20 17:53:56,572] INFO -   [86/500] Collecting rocket-pool-eth (RETH)...
[2025-11-20 17:54:00,741] INFO -     ✅ 366 records
[2025-11-20 17:54:00,742] INFO -   [87/500] Collecting arbitrum (ARB)...
[2025-11-20 17:54:04,910] INFO -     ✅ 366 records
[2025-11-20 17:54:04,911] INFO -   [88/500] Collecting global-dollar (USDG)...
[2025-11-20 17:54:09,131] INFO -     ✅ 366 records
[2025-11-20 17:54:09,131] INFO -   [89/500] Collecting gatechain-token (GT)...
[2025-11-20 17:54:13,270] INFO -     ✅ 366 records
[2025-11-20 17:54:13,270] INFO -   [90/500] Collecting wbnb (WBNB)...
[2025-11-20 17:54:17,467] INFO -     ✅ 366 records
[2025-11-20 17:54:17,467] INFO -   [91/500] Collecting binance-staked-sol (BNSOL)...
[2025-11-20 17:54:21,713] INFO -     ✅ 366 records
[2025-11-20 17:54:21,714] INFO -   [92/500] Collecting hashnote-usyc (USYC)...
[2025-11-20 17:54:25,905] INFO -     ✅ 327 records
[2025-11-20 17:54:25,905] INFO -   [93/500] Collecting syrupusdt (SYRUPUSDT)...
[2025-11-20 17:54:30,057] INFO -     ✅ 55 records
[2025-11-20 17:54:30,058] INFO -   [94/500] Collecting vechain (VET)...
[2025-11-20 17:54:34,212] INFO -     ✅ 366 records
[2025-11-20 17:54:34,212] INFO -   [95/500] Collecting ripple-usd (RLUSD)...
[2025-11-20 17:54:38,368] INFO -     ✅ 341 records
[2025-11-20 17:54:38,368] INFO -   [96/500] Collecting sky (SKY)...
[2025-11-20 17:54:42,556] INFO -     ✅ 366 records
[2025-11-20 17:54:42,558] INFO -   [97/500] Collecting quant-network (QNT)...
[2025-11-20 17:54:46,726] INFO -     ✅ 366 records
[2025-11-20 17:54:46,727] INFO -   [98/500] Collecting kaspa (KAS)...
[2025-11-20 17:54:50,901] INFO -     ✅ 366 records
[2025-11-20 17:54:50,902] INFO -   [99/500] Collecting ignition-fbtc (FBTC)...
[2025-11-20 17:54:55,079] INFO -     ✅ 366 records
[2025-11-20 17:54:55,079] INFO -   [100/500] Collecting starknet (STRK)...
[2025-11-20 17:54:59,226] INFO -     ✅ 366 records
[2025-11-20 17:54:59,226] INFO -   [101/500] Collecting flare-networks (FLR)...
[2025-11-20 17:55:03,399] INFO -     ✅ 366 records
[2025-11-20 17:55:03,400] INFO -   [102/500] Collecting kelp-dao-restaked-eth (RSETH)...
[2025-11-20 17:55:07,572] INFO -     ✅ 366 records
[2025-11-20 17:55:07,572] INFO -   [103/500] Collecting lombard-staked-btc (LBTC)...
[2025-11-20 17:55:11,750] INFO -     ✅ 366 records
[2025-11-20 17:55:11,751] INFO -   [104/500] Collecting render-token (RENDER)...
[2025-11-20 17:55:15,939] INFO -     ✅ 366 records
[2025-11-20 17:55:15,939] INFO -   [105/500] Collecting superstate-short-duration-us-government-securities-fund-ustb (USTB)...
[2025-11-20 17:55:20,123] INFO -     ✅ 366 records
[2025-11-20 17:55:20,123] INFO -   [106/500] Collecting liquid-staked-ethereum (LSETH)...
[2025-11-20 17:55:24,321] INFO -     ✅ 366 records
[2025-11-20 17:55:24,321] INFO -   [107/500] Collecting nexo (NEXO)...
[2025-11-20 17:55:28,520] INFO -     ✅ 366 records
[2025-11-20 17:55:28,521] INFO -   [108/500] Collecting first-digital-usd (FDUSD)...
[2025-11-20 17:55:32,695] INFO -     ✅ 366 records
[2025-11-20 17:55:32,695] INFO -   [109/500] Collecting sei-network (SEI)...
[2025-11-20 17:55:36,898] INFO -     ✅ 366 records
[2025-11-20 17:55:36,899] INFO -   [110/500] Collecting solv-btc (SOLVBTC)...
[2025-11-20 17:55:41,091] INFO -     ✅ 366 records
[2025-11-20 17:55:41,091] INFO -   [111/500] Collecting dash (DASH)...
[2025-11-20 17:55:45,276] INFO -     ✅ 366 records
[2025-11-20 17:55:45,276] INFO -   [112/500] Collecting xdce-crowd-sale (XDC)...
[2025-11-20 17:55:49,485] INFO -     ✅ 366 records
[2025-11-20 17:55:49,487] INFO -   [113/500] Collecting renzo-restaked-eth (EZETH)...
[2025-11-20 17:55:53,694] INFO -     ✅ 366 records
[2025-11-20 17:55:53,695] INFO -   [114/500] Collecting story-2 (IP)...
[2025-11-20 17:55:57,854] INFO -     ✅ 283 records
[2025-11-20 17:55:57,854] INFO -   [115/500] Collecting morpho (MORPHO)...
[2025-11-20 17:56:02,041] INFO -     ✅ 366 records
[2025-11-20 17:56:02,041] INFO -   [116/500] Collecting jupiter-exchange-solana (JUP)...
[2025-11-20 17:56:06,203] INFO -     ✅ 366 records
[2025-11-20 17:56:06,203] INFO -   [117/500] Collecting rain (RAIN)...
[2025-11-20 17:56:10,380] INFO -     ✅ 73 records
[2025-11-20 17:56:10,380] INFO -   [118/500] Collecting fetch-ai (FET)...
[2025-11-20 17:56:14,569] INFO -     ✅ 366 records
[2025-11-20 17:56:14,570] INFO -   [119/500] Collecting bonk (BONK)...
[2025-11-20 17:56:18,740] INFO -     ✅ 366 records
[2025-11-20 17:56:18,740] INFO -   [120/500] Collecting ousg (OUSG)...
[2025-11-20 17:56:22,950] INFO -     ✅ 366 records
[2025-11-20 17:56:22,952] INFO -   [121/500] Collecting janus-henderson-anemoy-aaa-clo-fund (JAAA)...
[2025-11-20 17:56:27,086] INFO -     ✅ 10 records
[2025-11-20 17:56:27,086] INFO -   [122/500] Collecting pancakeswap-token (CAKE)...
[2025-11-20 17:56:31,286] INFO -     ✅ 366 records
[2025-11-20 17:56:31,286] INFO -   [123/500] Collecting fasttoken (FTN)...
[2025-11-20 17:56:35,460] INFO -     ✅ 366 records
[2025-11-20 17:56:35,460] INFO -   [124/500] Collecting pudgy-penguins (PENGU)...
[2025-11-20 17:56:39,629] INFO -     ✅ 341 records
[2025-11-20 17:56:39,629] INFO -   [125/500] Collecting mantle-staked-ether (METH)...
[2025-11-20 17:56:43,803] INFO -     ✅ 366 records
[2025-11-20 17:56:43,803] INFO -   [126/500] Collecting arbitrum-bridged-wbtc-arbitrum-one (WBTC)...
[2025-11-20 17:56:47,999] INFO -     ✅ 366 records
[2025-11-20 17:56:48,000] INFO -   [127/500] Collecting ondo-us-dollar-yield (USDY)...
[2025-11-20 17:56:52,165] INFO -     ✅ 366 records
[2025-11-20 17:56:52,165] INFO -   [128/500] Collecting optimism (OP)...
[2025-11-20 17:56:56,337] INFO -     ✅ 366 records
[2025-11-20 17:56:56,338] INFO -   [129/500] Collecting clbtc (CLBTC)...
[2025-11-20 17:57:00,506] INFO -     ✅ 292 records
[2025-11-20 17:57:00,506] INFO -   [130/500] Collecting aerodrome-finance (AERO)...
[2025-11-20 17:57:04,692] INFO -     ✅ 366 records
[2025-11-20 17:57:04,692] INFO -   [131/500] Collecting virtual-protocol (VIRTUAL)...
[2025-11-20 17:57:08,875] INFO -     ✅ 366 records
[2025-11-20 17:57:08,875] INFO -   [132/500] Collecting jupiter-staked-sol (JUPSOL)...
[2025-11-20 17:57:13,069] INFO -     ✅ 366 records
[2025-11-20 17:57:13,070] INFO -   [133/500] Collecting celestia (TIA)...
[2025-11-20 17:57:17,238] INFO -     ✅ 366 records
[2025-11-20 17:57:17,238] INFO -   [134/500] Collecting lido-dao (LDO)...
[2025-11-20 17:57:21,555] INFO -     ✅ 366 records
[2025-11-20 17:57:21,556] INFO -   [135/500] Collecting injective-protocol (INJ)...
[2025-11-20 17:57:25,734] INFO -     ✅ 366 records
[2025-11-20 17:57:25,734] INFO -   [136/500] Collecting beldex (BDX)...
[2025-11-20 17:57:29,878] INFO -     ✅ 366 records
[2025-11-20 17:57:29,879] INFO -   [137/500] Collecting stakewise-v3-oseth (OSETH)...
[2025-11-20 17:57:34,022] INFO -     ✅ 366 records
[2025-11-20 17:57:34,022] INFO -   [138/500] Collecting blockstack (STX)...
[2025-11-20 17:57:38,215] INFO -     ✅ 366 records
[2025-11-20 17:57:38,216] INFO -   [139/500] Collecting polygon-pos-bridged-dai-polygon-pos (DAI)...
[2025-11-20 17:57:42,388] INFO -     ✅ 366 records
[2025-11-20 17:57:42,388] INFO -   [140/500] Collecting bridged-usdc-polygon-pos-bridge (USDC.E)...
[2025-11-20 17:57:46,572] INFO -     ✅ 366 records
[2025-11-20 17:57:46,573] INFO -   [141/500] Collecting curve-dao-token (CRV)...
[2025-11-20 17:57:50,730] INFO -     ✅ 366 records
[2025-11-20 17:57:50,731] INFO -   [142/500] Collecting the-graph (GRT)...
[2025-11-20 17:57:54,864] INFO -     ✅ 366 records
[2025-11-20 17:57:54,865] INFO -   [143/500] Collecting newton-project (AB)...
[2025-11-20 17:57:59,038] INFO -     ✅ 366 records
[2025-11-20 17:57:59,038] INFO -   [144/500] Collecting l2-standard-bridged-weth-base (WETH)...
[2025-11-20 17:58:03,204] INFO -     ✅ 366 records
[2025-11-20 17:58:03,205] INFO -   [145/500] Collecting tezos (XTZ)...
[2025-11-20 17:58:07,370] INFO -     ✅ 366 records
[2025-11-20 17:58:07,370] INFO -   [146/500] Collecting usual-usd (USD0)...
[2025-11-20 17:58:11,514] INFO -     ✅ 366 records
[2025-11-20 17:58:11,514] INFO -   [147/500] Collecting msol (MSOL)...
[2025-11-20 17:58:15,703] INFO -     ✅ 366 records
[2025-11-20 17:58:15,704] INFO -   [148/500] Collecting usdai (USDAI)...
[2025-11-20 17:58:19,865] INFO -     ✅ 142 records
[2025-11-20 17:58:19,866] INFO -   [149/500] Collecting tbtc (TBTC)...
[2025-11-20 17:58:24,025] INFO -     ✅ 366 records
[2025-11-20 17:58:24,025] INFO -   [150/500] Collecting telcoin (TEL)...
[2025-11-20 17:58:28,208] INFO -     ✅ 366 records
[2025-11-20 17:58:28,208] INFO -   [151/500] Collecting decred (DCR)...
[2025-11-20 17:58:32,345] INFO -     ✅ 366 records
[2025-11-20 17:58:32,345] INFO -   [152/500] Collecting ether-fi (ETHFI)...
[2025-11-20 17:58:36,495] INFO -     ✅ 366 records
[2025-11-20 17:58:36,496] INFO -   [153/500] Collecting iota (IOTA)...
[2025-11-20 17:58:40,650] INFO -     ✅ 366 records
[2025-11-20 17:58:40,651] INFO -   [154/500] Collecting true-usd (TUSD)...
[2025-11-20 17:58:44,815] INFO -     ✅ 366 records
[2025-11-20 17:58:44,816] INFO -   [155/500] Collecting cgeth-hashkey-cloud (CGETH.HASHKEY)...
[2025-11-20 17:58:48,990] INFO -     ✅ 280 records
[2025-11-20 17:58:48,990] INFO -   [156/500] Collecting arbitrum-bridged-weth-arbitrum-one (WETH)...
[2025-11-20 17:58:53,144] INFO -     ✅ 366 records
[2025-11-20 17:58:53,145] INFO -   [157/500] Collecting mantle-bridged-usdt-mantle (USDT)...
[2025-11-20 17:58:57,290] INFO -     ✅ 366 records
[2025-11-20 17:58:57,290] INFO -   [158/500] Collecting myx-finance (MYX)...
[2025-11-20 17:59:01,454] INFO -     ✅ 201 records
[2025-11-20 17:59:01,455] INFO -   [159/500] Collecting pyth-network (PYTH)...
[2025-11-20 17:59:05,619] INFO -     ✅ 366 records
[2025-11-20 17:59:05,619] INFO -   [160/500] Collecting floki (FLOKI)...
[2025-11-20 17:59:09,817] INFO -     ✅ 366 records
[2025-11-20 17:59:09,817] INFO -   [161/500] Collecting kaia (KAIA)...
[2025-11-20 17:59:13,981] INFO -     ✅ 366 records
[2025-11-20 17:59:13,982] INFO -   [162/500] Collecting spx6900 (SPX)...
[2025-11-20 17:59:18,124] INFO -     ✅ 366 records
[2025-11-20 17:59:18,124] INFO -   [163/500] Collecting usdd (USDD)...
[2025-11-20 17:59:22,270] INFO -     ✅ 366 records
[2025-11-20 17:59:22,272] INFO -   [164/500] Collecting trust-wallet-token (TWT)...
[2025-11-20 17:59:26,446] INFO -     ✅ 366 records
[2025-11-20 17:59:26,446] INFO -   [165/500] Collecting conflux-token (CFX)...
[2025-11-20 17:59:30,613] INFO -     ✅ 366 records
[2025-11-20 17:59:30,614] INFO -   [166/500] Collecting steakhouse-usdc-morpho-vault (STEAKUSDC)...
[2025-11-20 17:59:34,749] INFO -     ✅ 349 records
[2025-11-20 17:59:34,749] INFO -   [167/500] Collecting ethereum-name-service (ENS)...
[2025-11-20 17:59:38,896] INFO -     ✅ 366 records
[2025-11-20 17:59:38,896] INFO -   [168/500] Collecting gteth (GTETH)...
[2025-11-20 17:59:43,029] INFO -     ✅ 66 records
[2025-11-20 17:59:43,031] INFO -   [169/500] Collecting stader-ethx (ETHX)...
[2025-11-20 17:59:47,213] INFO -     ✅ 366 records
[2025-11-20 17:59:47,213] INFO -   [170/500] Collecting sonic-3 (S)...
[2025-11-20 17:59:51,374] INFO -     ✅ 323 records
[2025-11-20 17:59:51,376] INFO -   [171/500] Collecting ether-fi-liquid-eth (LIQUIDETH)...
[2025-11-20 17:59:55,513] INFO -     ✅ 32 records
[2025-11-20 17:59:55,513] INFO -   [172/500] Collecting eutbl (EUTBL)...
[2025-11-20 17:59:59,680] INFO -     ✅ 366 records
[2025-11-20 17:59:59,680] INFO -   [173/500] Collecting the-sandbox (SAND)...
[2025-11-20 18:00:03,854] INFO -     ✅ 366 records
[2025-11-20 18:00:03,854] INFO -   [174/500] Collecting plasma (XPL)...
[2025-11-20 18:00:08,018] INFO -     ✅ 59 records
[2025-11-20 18:00:08,019] INFO -   [175/500] Collecting doublezero (2Z)...
[2025-11-20 18:00:12,182] INFO -     ✅ 52 records
[2025-11-20 18:00:12,182] INFO -   [176/500] Collecting wrapped-hype (WHYPE)...
[2025-11-20 18:00:16,414] INFO -     ✅ 275 records
[2025-11-20 18:00:16,416] INFO -   [177/500] Collecting bitcoin-cash-sv (BSV)...
[2025-11-20 18:00:20,576] INFO -     ✅ 366 records
[2025-11-20 18:00:20,576] INFO -   [178/500] Collecting gho (GHO)...
[2025-11-20 18:00:24,727] INFO -     ✅ 366 records
[2025-11-20 18:00:24,727] INFO -   [179/500] Collecting flow (FLOW)...
[2025-11-20 18:00:28,902] INFO -     ✅ 366 records
[2025-11-20 18:00:28,902] INFO -   [180/500] Collecting sun-token (SUN)...
[2025-11-20 18:00:33,043] INFO -     ✅ 366 records
[2025-11-20 18:00:33,043] INFO -   [181/500] Collecting ape-and-pepe (APEPE)...
[2025-11-20 18:00:37,214] INFO -     ✅ 366 records
[2025-11-20 18:00:37,214] INFO -   [182/500] Collecting usdb (USDB)...
[2025-11-20 18:00:41,387] INFO -     ✅ 366 records
[2025-11-20 18:00:41,387] INFO -   [183/500] Collecting bittorrent (BTT)...
[2025-11-20 18:00:45,560] INFO -     ✅ 366 records
[2025-11-20 18:00:45,561] INFO -   [184/500] Collecting ether-fi-staked-eth (EETH)...
[2025-11-20 18:00:49,708] INFO -     ✅ 366 records
[2025-11-20 18:00:49,719] INFO -   [185/500] Collecting merlin-chain (MERL)...
[2025-11-20 18:00:53,860] INFO -     ✅ 366 records
[2025-11-20 18:00:53,861] INFO -   [186/500] Collecting dogwifcoin (WIF)...
[2025-11-20 18:00:58,062] INFO -     ✅ 366 records
[2025-11-20 18:00:58,062] INFO -   [187/500] Collecting pendle (PENDLE)...
[2025-11-20 18:01:02,247] INFO -     ✅ 366 records
[2025-11-20 18:01:02,248] INFO -   [188/500] Collecting binance-peg-dogecoin (DOGE)...
[2025-11-20 18:01:06,388] INFO -     ✅ 366 records
[2025-11-20 18:01:06,388] INFO -   [189/500] Collecting apenft (NFT)...
[2025-11-20 18:01:10,558] INFO -     ✅ 366 records
[2025-11-20 18:01:10,559] INFO -   [190/500] Collecting gala (GALA)...
[2025-11-20 18:01:14,733] INFO -     ✅ 366 records
[2025-11-20 18:01:14,733] INFO -   [191/500] Collecting theta-token (THETA)...
[2025-11-20 18:01:18,877] INFO -     ✅ 366 records
[2025-11-20 18:01:18,877] INFO -   [192/500] Collecting sweth (SWETH)...
[2025-11-20 18:01:23,069] INFO -     ✅ 366 records
[2025-11-20 18:01:23,069] INFO -   [193/500] Collecting sbtc-2 (SBTC)...
[2025-11-20 18:01:27,285] INFO -     ✅ 288 records
[2025-11-20 18:01:27,285] INFO -   [194/500] Collecting helium (HNT)...
[2025-11-20 18:01:31,446] INFO -     ✅ 366 records
[2025-11-20 18:01:31,446] INFO -   [195/500] Collecting coinbase-wrapped-staked-eth (CBETH)...
[2025-11-20 18:01:35,602] INFO -     ✅ 366 records
[2025-11-20 18:01:35,603] INFO -   [196/500] Collecting jasmycoin (JASMY)...
[2025-11-20 18:01:39,772] INFO -     ✅ 366 records
[2025-11-20 18:01:39,773] INFO -   [197/500] Collecting just (JST)...
[2025-11-20 18:01:43,944] INFO -     ✅ 366 records
[2025-11-20 18:01:43,945] INFO -   [198/500] Collecting bitcoin-avalanche-bridged-btc-b (BTC.B)...
[2025-11-20 18:01:48,110] INFO -     ✅ 366 records
[2025-11-20 18:01:48,110] INFO -   [199/500] Collecting syrup (SYRUP)...
[2025-11-20 18:01:52,303] INFO -     ✅ 366 records
[2025-11-20 18:01:52,303] INFO -   [200/500] Collecting vaulta (A)...
[2025-11-20 18:01:56,624] INFO -     ✅ 179 records
[2025-11-20 18:01:56,625] INFO -   [201/500] Collecting benqi-liquid-staked-avax (SAVAX)...
[2025-11-20 18:02:01,213] INFO -     ✅ 366 records
[2025-11-20 18:02:01,213] INFO -   [202/500] Collecting mimblewimblecoin (MWC)...
[2025-11-20 18:02:05,370] INFO -     ✅ 354 records
[2025-11-20 18:02:05,371] INFO -   [203/500] Collecting decentraland (MANA)...
[2025-11-20 18:02:09,507] INFO -     ✅ 366 records
[2025-11-20 18:02:09,507] INFO -   [204/500] Collecting gnosis (GNO)...
[2025-11-20 18:02:13,680] INFO -     ✅ 366 records
[2025-11-20 18:02:13,680] INFO -   [205/500] Collecting olympus (OHM)...
[2025-11-20 18:02:18,314] INFO -     ✅ 366 records
[2025-11-20 18:02:18,316] INFO -   [206/500] Collecting zksync (ZK)...
[2025-11-20 18:02:22,493] INFO -     ✅ 366 records
[2025-11-20 18:02:22,494] INFO -   [207/500] Collecting falcon-finance-ff (FF)...
[2025-11-20 18:02:26,678] INFO -     ✅ 55 records
[2025-11-20 18:02:26,678] INFO -   [208/500] Collecting neo (NEO)...
[2025-11-20 18:02:31,555] INFO -     ✅ 366 records
[2025-11-20 18:02:31,555] INFO -   [209/500] Collecting soon-2 (SOON)...
[2025-11-20 18:02:35,866] INFO -     ✅ 184 records
[2025-11-20 18:02:35,866] INFO -   [210/500] Collecting usx (USX)...
[2025-11-20 18:02:40,104] INFO -     ✅ 57 records
[2025-11-20 18:02:40,104] INFO -   [211/500] Collecting kinesis-gold (KAU)...
[2025-11-20 18:02:44,723] INFO -     ✅ 366 records
[2025-11-20 18:02:44,723] INFO -   [212/500] Collecting arbitrum-bridged-wrapped-eeth (WEETH)...
[2025-11-20 18:02:48,973] INFO -     ✅ 73 records
[2025-11-20 18:02:48,973] INFO -   [213/500] Collecting euro-coin (EURC)...
[2025-11-20 18:02:53,380] INFO -     ✅ 366 records
[2025-11-20 18:02:53,380] INFO -   [214/500] Collecting binance-peg-busd (BUSD)...
[2025-11-20 18:02:57,575] INFO -     ✅ 366 records
[2025-11-20 18:02:57,575] INFO -   [215/500] Collecting ultima (ULTIMA)...
[2025-11-20 18:03:02,150] INFO -     ✅ 366 records
[2025-11-20 18:03:02,152] INFO -   [216/500] Collecting polygon-pos-bridged-weth-polygon-pos (WETH)...
[2025-11-20 18:03:06,722] INFO -     ✅ 366 records
[2025-11-20 18:03:06,722] INFO -   [217/500] Collecting raydium (RAY)...
[2025-11-20 18:03:10,929] INFO -     ✅ 366 records
[2025-11-20 18:03:10,929] INFO -   [218/500] Collecting lorenzo-wrapped-bitcoin (ENZOBTC)...
[2025-11-20 18:03:15,116] INFO -     ✅ 31 records
[2025-11-20 18:03:15,117] INFO -   [219/500] Collecting janus-henderson-anemoy-treasury-fund (JTRSY)...
[2025-11-20 18:03:19,302] INFO -     ✅ 10 records
[2025-11-20 18:03:19,302] INFO -   [220/500] Collecting chiliz (CHZ)...
[2025-11-20 18:03:23,471] INFO -     ✅ 366 records
[2025-11-20 18:03:23,471] INFO -   [221/500] Collecting astherus-staked-bnb (ASBNB)...
[2025-11-20 18:03:27,644] INFO -     ✅ 274 records
[2025-11-20 18:03:27,644] INFO -   [222/500] Collecting compound-governance-token (COMP)...
[2025-11-20 18:03:31,804] INFO -     ✅ 366 records
[2025-11-20 18:03:31,805] INFO -   [223/500] Collecting apecoin (APE)...
[2025-11-20 18:03:36,370] INFO -     ✅ 366 records
[2025-11-20 18:03:36,371] INFO -   [224/500] Collecting unit-bitcoin (UBTC)...
[2025-11-20 18:03:40,520] INFO -     ✅ 235 records
[2025-11-20 18:03:40,520] INFO -   [225/500] Collecting aethir (ATH)...
[2025-11-20 18:03:45,070] INFO -     ✅ 366 records
[2025-11-20 18:03:45,070] INFO -   [226/500] Collecting frax (FRAX)...
[2025-11-20 18:03:49,655] INFO -     ✅ 366 records
[2025-11-20 18:03:49,656] INFO -   [227/500] Collecting frax-ether (FRXETH)...
[2025-11-20 18:03:53,862] INFO -     ✅ 366 records
[2025-11-20 18:03:53,863] INFO -   [228/500] Collecting mantle-restaked-eth (CMETH)...
[2025-11-20 18:03:58,063] INFO -     ✅ 366 records
[2025-11-20 18:03:58,063] INFO -   [229/500] Collecting immutable-x (IMX)...
[2025-11-20 18:04:02,277] INFO -     ✅ 366 records
[2025-11-20 18:04:02,279] INFO -   [230/500] Collecting eigenlayer (EIGEN)...
[2025-11-20 18:04:06,497] INFO -     ✅ 366 records
[2025-11-20 18:04:06,498] INFO -   [231/500] Collecting fartcoin (FARTCOIN)...
[2025-11-20 18:04:10,698] INFO -     ✅ 366 records
[2025-11-20 18:04:10,700] INFO -   [232/500] Collecting layerzero (ZRO)...
[2025-11-20 18:04:14,905] INFO -     ✅ 366 records
[2025-11-20 18:04:14,905] INFO -   [233/500] Collecting arweave (AR)...
[2025-11-20 18:04:19,465] INFO -     ✅ 366 records
[2025-11-20 18:04:19,466] INFO -   [234/500] Collecting basic-attention-token (BAT)...
[2025-11-20 18:04:24,021] INFO -     ✅ 366 records
[2025-11-20 18:04:24,022] INFO -   [235/500] Collecting swissborg (BORG)...
[2025-11-20 18:04:28,614] INFO -     ✅ 366 records
[2025-11-20 18:04:28,614] INFO -   [236/500] Collecting walrus-2 (WAL)...
[2025-11-20 18:04:32,980] INFO -     ✅ 241 records
[2025-11-20 18:04:32,980] INFO -   [237/500] Collecting ethena-staked-ena (SENA)...
[2025-11-20 18:04:37,507] INFO -     ✅ 366 records
[2025-11-20 18:04:37,509] INFO -   [238/500] Collecting wormhole (W)...
[2025-11-20 18:04:41,701] INFO -     ✅ 366 records
[2025-11-20 18:04:41,701] INFO -   [239/500] Collecting zencash (ZEN)...
[2025-11-20 18:04:45,932] INFO -     ✅ 366 records
[2025-11-20 18:04:45,932] INFO -   [240/500] Collecting 1inch (1INCH)...
[2025-11-20 18:04:50,083] INFO -     ✅ 366 records
[2025-11-20 18:04:50,083] INFO -   [241/500] Collecting savings-dai (SDAI)...
[2025-11-20 18:04:54,268] INFO -     ✅ 366 records
[2025-11-20 18:04:54,269] INFO -   [242/500] Collecting zebec-network (ZBCN)...
[2025-11-20 18:04:58,845] INFO -     ✅ 366 records
[2025-11-20 18:04:58,845] INFO -   [243/500] Collecting dexe (DEXE)...
[2025-11-20 18:05:03,024] INFO -     ✅ 366 records
[2025-11-20 18:05:03,026] INFO -   [244/500] Collecting vision-3 (VSN)...
[2025-11-20 18:05:07,280] INFO -     ✅ 130 records
[2025-11-20 18:05:07,281] INFO -   [245/500] Collecting instadapp (FLUID)...
[2025-11-20 18:05:11,451] INFO -     ✅ 366 records
[2025-11-20 18:05:11,452] INFO -   [246/500] Collecting ibc-bridged-usdc (USDC.N)...
[2025-11-20 18:05:16,030] INFO -     ✅ 366 records
[2025-11-20 18:05:16,031] INFO -   [247/500] Collecting ecash (XEC)...
[2025-11-20 18:05:20,209] INFO -     ✅ 366 records
[2025-11-20 18:05:20,210] INFO -   [248/500] Collecting crvusd (CRVUSD)...
[2025-11-20 18:05:24,390] INFO -     ✅ 366 records
[2025-11-20 18:05:24,390] INFO -   [249/500] Collecting zero-gravity (0G)...
[2025-11-20 18:05:28,618] INFO -     ✅ 62 records
[2025-11-20 18:05:28,619] INFO -   [250/500] Collecting wrapped-ether-mantle-bridge (WETH)...
[2025-11-20 18:05:33,138] INFO -     ✅ 366 records
[2025-11-20 18:05:33,138] INFO -   [251/500] Collecting fidelity-digital-interest-token (FDIT)...
[2025-11-20 18:05:37,332] INFO -     ✅ 67 records
[2025-11-20 18:05:37,334] INFO -   [252/500] Collecting zora (ZORA)...
[2025-11-20 18:05:41,502] INFO -     ✅ 214 records
[2025-11-20 18:05:41,502] INFO -   [253/500] Collecting thorchain (RUNE)...
[2025-11-20 18:05:45,913] INFO -     ✅ 366 records
[2025-11-20 18:05:45,914] INFO -   [254/500] Collecting cap-usd (CUSD)...
[2025-11-20 18:05:50,147] INFO -     ✅ 87 records
[2025-11-20 18:05:50,147] INFO -   [255/500] Collecting grass (GRASS)...
[2025-11-20 18:05:54,312] INFO -     ✅ 366 records
[2025-11-20 18:05:54,313] INFO -   [256/500] Collecting treehouse-eth (TETH)...
[2025-11-20 18:05:58,493] INFO -     ✅ 366 records
[2025-11-20 18:05:58,494] INFO -   [257/500] Collecting drift-staked-sol (DSOL)...
[2025-11-20 18:06:03,086] INFO -     ✅ 366 records
[2025-11-20 18:06:03,086] INFO -   [258/500] Collecting loaded-lions (LION)...
[2025-11-20 18:06:07,243] INFO -     ✅ 265 records
[2025-11-20 18:06:07,244] INFO -   [259/500] Collecting humanity (H)...
[2025-11-20 18:06:11,560] INFO -     ✅ 151 records
[2025-11-20 18:06:11,561] INFO -   [260/500] Collecting elrond-erd-2 (EGLD)...
[2025-11-20 18:06:16,056] INFO -     ✅ 366 records
[2025-11-20 18:06:16,056] INFO -   [261/500] Collecting zano (ZANO)...
[2025-11-20 18:06:20,613] INFO -     ✅ 366 records
[2025-11-20 18:06:20,614] INFO -   [262/500] Collecting undeads-games (UDS)...
[2025-11-20 18:06:24,825] INFO -     ✅ 366 records
[2025-11-20 18:06:24,826] INFO -   [263/500] Collecting wrapped-avax (WAVAX)...
[2025-11-20 18:06:28,977] INFO -     ✅ 366 records
[2025-11-20 18:06:28,977] INFO -   [264/500] Collecting cheems-token (CHEEMS)...
[2025-11-20 18:06:33,192] INFO -     ✅ 366 records
[2025-11-20 18:06:33,192] INFO -   [265/500] Collecting havven (SNX)...
[2025-11-20 18:06:37,352] INFO -     ✅ 366 records
[2025-11-20 18:06:37,352] INFO -   [266/500] Collecting usda-2 (USDA)...
[2025-11-20 18:06:41,898] INFO -     ✅ 366 records
[2025-11-20 18:06:41,898] INFO -   [267/500] Collecting golem (GLM)...
[2025-11-20 18:06:46,083] INFO -     ✅ 366 records
[2025-11-20 18:06:46,084] INFO -   [268/500] Collecting origintrail (TRAC)...
[2025-11-20 18:06:50,633] INFO -     ✅ 366 records
[2025-11-20 18:06:50,633] INFO -   [269/500] Collecting satoshi-stablecoin (SATUSD)...
[2025-11-20 18:06:55,168] INFO -     ✅ 366 records
[2025-11-20 18:06:55,168] INFO -   [270/500] Collecting dydx-chain (DYDX)...
[2025-11-20 18:06:59,713] INFO -     ✅ 366 records
[2025-11-20 18:06:59,713] INFO -   [271/500] Collecting reserve-rights-token (RSR)...
[2025-11-20 18:07:03,877] INFO -     ✅ 366 records
[2025-11-20 18:07:03,877] INFO -   [272/500] Collecting jito-governance-token (JTO)...
[2025-11-20 18:07:08,062] INFO -     ✅ 366 records
[2025-11-20 18:07:08,062] INFO -   [273/500] Collecting polygon-bridged-wbtc-polygon-pos (WBTC)...
[2025-11-20 18:07:12,223] INFO -     ✅ 366 records
[2025-11-20 18:07:12,223] INFO -   [274/500] Collecting concordium (CCD)...
[2025-11-20 18:07:16,708] INFO -     ✅ 366 records
[2025-11-20 18:07:16,708] INFO -   [275/500] Collecting blockchain-capital (BCAP)...
[2025-11-20 18:07:21,032] INFO -     ✅ 178 records
[2025-11-20 18:07:21,032] INFO -   [276/500] Collecting livepeer (LPT)...
[2025-11-20 18:07:25,186] INFO -     ✅ 366 records
[2025-11-20 18:07:25,187] INFO -   [277/500] Collecting wemix-token (WEMIX)...
[2025-11-20 18:07:29,370] INFO -     ✅ 366 records
[2025-11-20 18:07:29,370] INFO -   [278/500] Collecting axie-infinity (AXS)...
[2025-11-20 18:07:33,902] INFO -     ✅ 366 records
[2025-11-20 18:07:33,902] INFO -   [279/500] Collecting bybit-staked-sol (BBSOL)...
[2025-11-20 18:07:38,417] INFO -     ✅ 366 records
[2025-11-20 18:07:38,417] INFO -   [280/500] Collecting mx-token (MX)...
[2025-11-20 18:07:42,595] INFO -     ✅ 366 records
[2025-11-20 18:07:42,596] INFO -   [281/500] Collecting staked-frax-ether (SFRXETH)...
[2025-11-20 18:07:46,765] INFO -     ✅ 366 records
[2025-11-20 18:07:46,765] INFO -   [282/500] Collecting ribbita-by-virtuals (TIBBIR)...
[2025-11-20 18:07:51,180] INFO -     ✅ 243 records
[2025-11-20 18:07:51,181] INFO -   [283/500] Collecting reallink (REAL)...
[2025-11-20 18:07:55,956] INFO -     ✅ 346 records
[2025-11-20 18:07:55,956] INFO -   [284/500] Collecting theo-short-duration-us-treasury-fund (THBILL)...
[2025-11-20 18:08:00,223] INFO -     ✅ 108 records
[2025-11-20 18:08:00,223] INFO -   [285/500] Collecting amp-token (AMP)...
[2025-11-20 18:08:04,705] INFO -     ✅ 366 records
[2025-11-20 18:08:04,705] INFO -   [286/500] Collecting legacy-token (LGCT)...
[2025-11-20 18:08:09,270] INFO -     ✅ 318 records
[2025-11-20 18:08:09,271] INFO -   [287/500] Collecting kinesis-silver (KAG)...
[2025-11-20 18:08:13,454] INFO -     ✅ 366 records
[2025-11-20 18:08:13,454] INFO -   [288/500] Collecting tradable-na-rent-financing-platform-sstn (PC0000031)...
[2025-11-20 18:08:17,788] INFO -     ✅ 178 records
[2025-11-20 18:08:17,788] INFO -   [289/500] Collecting beam-2 (BEAM)...
[2025-11-20 18:08:22,241] INFO -     ✅ 366 records
[2025-11-20 18:08:22,241] INFO -   [290/500] Collecting chain-2 (XCN)...
[2025-11-20 18:08:26,926] INFO -     ✅ 366 records
[2025-11-20 18:08:26,926] INFO -   [291/500] Collecting sahara-ai (SAHARA)...
[2025-11-20 18:08:31,255] INFO -     ✅ 150 records
[2025-11-20 18:08:31,255] INFO -   [292/500] Collecting compound-wrapped-btc (CWBTC)...
[2025-11-20 18:08:35,727] INFO -     ✅ 366 records
[2025-11-20 18:08:35,728] INFO -   [293/500] Collecting sky-coin (XSO)...
[2025-11-20 18:08:39,935] INFO -     ✅ 56 records
[2025-11-20 18:08:39,935] INFO -   [294/500] Collecting standx-dusd (DUSD)...
[2025-11-20 18:08:44,271] INFO -     ✅ 185 records
[2025-11-20 18:08:44,271] INFO -   [295/500] Collecting cronos-bridged-usdc-cronos (USDC)...
[2025-11-20 18:08:48,431] INFO -     ✅ 366 records
[2025-11-20 18:08:48,431] INFO -   [296/500] Collecting kaito (KAITO)...
[2025-11-20 18:08:52,614] INFO -     ✅ 276 records
[2025-11-20 18:08:52,614] INFO -   [297/500] Collecting solv-protocol-solvbtc-bbn (XSOLVBTC)...
[2025-11-20 18:08:56,793] INFO -     ✅ 366 records
[2025-11-20 18:08:56,793] INFO -   [298/500] Collecting kamino (KMNO)...
[2025-11-20 18:09:00,966] INFO -     ✅ 366 records
[2025-11-20 18:09:00,967] INFO -   [299/500] Collecting qtum (QTUM)...
[2025-11-20 18:09:05,141] INFO -     ✅ 366 records
[2025-11-20 18:09:05,141] INFO -   [300/500] Collecting ronin (RON)...
[2025-11-20 18:09:09,345] INFO -     ✅ 366 records
[2025-11-20 18:09:09,346] INFO -   [301/500] Collecting bitmart-token (BMX)...
[2025-11-20 18:09:13,859] INFO -     ✅ 366 records
[2025-11-20 18:09:13,860] INFO -   [302/500] Collecting theta-fuel (TFUEL)...
[2025-11-20 18:09:18,350] INFO -     ✅ 366 records
[2025-11-20 18:09:18,350] INFO -   [303/500] Collecting ecoreal-estate (ECOREAL)...
[2025-11-20 18:09:22,507] INFO -     ✅ 366 records
[2025-11-20 18:09:22,507] INFO -   [304/500] Collecting railgun (RAIL)...
[2025-11-20 18:09:26,694] INFO -     ✅ 366 records
[2025-11-20 18:09:26,694] INFO -   [305/500] Collecting safepal (SFP)...
[2025-11-20 18:09:31,201] INFO -     ✅ 366 records
[2025-11-20 18:09:31,201] INFO -   [306/500] Collecting prometeus (PROM)...
[2025-11-20 18:09:35,433] INFO -     ✅ 366 records
[2025-11-20 18:09:35,434] INFO -   [307/500] Collecting kusama (KSM)...
[2025-11-20 18:09:39,869] INFO -     ✅ 366 records
[2025-11-20 18:09:39,869] INFO -   [308/500] Collecting kite-2 (KITE)...
[2025-11-20 18:09:44,038] INFO -     ✅ 20 records
[2025-11-20 18:09:44,038] INFO -   [309/500] Collecting btse-token (BTSE)...
[2025-11-20 18:09:48,267] INFO -     ✅ 366 records
[2025-11-20 18:09:48,267] INFO -   [310/500] Collecting resolv-usr (USR)...
[2025-11-20 18:09:52,474] INFO -     ✅ 366 records
[2025-11-20 18:09:52,474] INFO -   [311/500] Collecting lombard-protocol (BARD)...
[2025-11-20 18:09:56,686] INFO -     ✅ 66 records
[2025-11-20 18:09:56,686] INFO -   [312/500] Collecting sosovalue (SOSO)...
[2025-11-20 18:10:00,872] INFO -     ✅ 303 records
[2025-11-20 18:10:00,872] INFO -   [313/500] Collecting bnb48-club-token (KOGE)...
[2025-11-20 18:10:05,039] INFO -     ✅ 366 records
[2025-11-20 18:10:05,039] INFO -   [314/500] Collecting wefi (WFI)...
[2025-11-20 18:10:09,612] INFO -     ✅ 366 records
[2025-11-20 18:10:09,612] INFO -   [315/500] Collecting linea (LINEA)...
[2025-11-20 18:10:13,841] INFO -     ✅ 74 records
[2025-11-20 18:10:13,843] INFO -   [316/500] Collecting kraken-wrapped-btc (KBTC)...
[2025-11-20 18:10:18,011] INFO -     ✅ 241 records
[2025-11-20 18:10:18,011] INFO -   [317/500] Collecting terra-luna (LUNC)...
[2025-11-20 18:10:22,213] INFO -     ✅ 366 records
[2025-11-20 18:10:22,215] INFO -   [318/500] Collecting toshi (TOSHI)...
[2025-11-20 18:10:26,739] INFO -     ✅ 366 records
[2025-11-20 18:10:26,739] INFO -   [319/500] Collecting four (FORM)...
[2025-11-20 18:10:31,171] INFO -     ✅ 248 records
[2025-11-20 18:10:31,173] INFO -   [320/500] Collecting based-brett (BRETT)...
[2025-11-20 18:10:35,373] INFO -     ✅ 366 records
[2025-11-20 18:10:35,374] INFO -   [321/500] Collecting astherus-usdf (USDF)...
[2025-11-20 18:10:39,559] INFO -     ✅ 276 records
[2025-11-20 18:10:39,559] INFO -   [322/500] Collecting build-on (B)...
[2025-11-20 18:10:43,711] INFO -     ✅ 185 records
[2025-11-20 18:10:43,711] INFO -   [323/500] Collecting convex-finance (CVX)...
[2025-11-20 18:10:48,291] INFO -     ✅ 366 records
[2025-11-20 18:10:48,292] INFO -   [324/500] Collecting uchain-2 (UCN)...
[2025-11-20 18:10:52,542] INFO -     ✅ 88 records
[2025-11-20 18:10:52,542] INFO -   [325/500] Collecting midas-mf-one (MF-ONE)...
[2025-11-20 18:10:56,787] INFO -     ✅ 125 records
[2025-11-20 18:10:56,787] INFO -   [326/500] Collecting meteora (MET)...
[2025-11-20 18:11:00,961] INFO -     ✅ 31 records
[2025-11-20 18:11:00,961] INFO -   [327/500] Collecting reserve-protocol-eth-plus (ETH+)...
[2025-11-20 18:11:05,542] INFO -     ✅ 366 records
[2025-11-20 18:11:05,542] INFO -   [328/500] Collecting bridged-usd-coin-starkgate (USDC)...
[2025-11-20 18:11:09,716] INFO -     ✅ 366 records
[2025-11-20 18:11:09,716] INFO -   [329/500] Collecting gusd (GUSD)...
[2025-11-20 18:11:13,938] INFO -     ✅ 87 records
[2025-11-20 18:11:13,938] INFO -   [330/500] Collecting axelar (AXL)...
[2025-11-20 18:11:18,111] INFO -     ✅ 366 records
[2025-11-20 18:11:18,111] INFO -   [331/500] Collecting mina-protocol (MINA)...
[2025-11-20 18:11:22,573] INFO -     ✅ 366 records
[2025-11-20 18:11:22,574] INFO -   [332/500] Collecting spiko-us-t-bills-money-market-fund (USTBL)...
[2025-11-20 18:11:27,182] INFO -     ✅ 366 records
[2025-11-20 18:11:27,182] INFO -   [333/500] Collecting susdai (SUSDAI)...
[2025-11-20 18:11:31,341] INFO -     ✅ 151 records
[2025-11-20 18:11:31,341] INFO -   [334/500] Collecting berachain-bera (BERA)...
[2025-11-20 18:11:35,498] INFO -     ✅ 290 records
[2025-11-20 18:11:35,498] INFO -   [335/500] Collecting aioz-network (AIOZ)...
[2025-11-20 18:11:40,025] INFO -     ✅ 366 records
[2025-11-20 18:11:40,025] INFO -   [336/500] Collecting binance-peg-sol (SOL)...
[2025-11-20 18:11:44,163] INFO -     ✅ 270 records
[2025-11-20 18:11:44,163] INFO -   [337/500] Collecting kinetiq-earn-vault (VKHYPE)...
[2025-11-20 18:11:48,413] INFO -     ✅ 61 records
[2025-11-20 18:11:48,416] INFO -   [338/500] Collecting akash-network (AKT)...
[2025-11-20 18:11:52,852] INFO -     ✅ 366 records
[2025-11-20 18:11:52,852] INFO -   [339/500] Collecting wrapped-aave-ethereum-usdc (WAETHUSDC)...
[2025-11-20 18:11:57,148] INFO -     ✅ 103 records
[2025-11-20 18:11:57,148] INFO -   [340/500] Collecting infinifi-usd (IUSD)...
[2025-11-20 18:12:01,447] INFO -     ✅ 130 records
[2025-11-20 18:12:01,447] INFO -   [341/500] Collecting coredaoorg (CORE)...
[2025-11-20 18:12:05,964] INFO -     ✅ 366 records
[2025-11-20 18:12:05,964] INFO -   [342/500] Collecting resolv-wstusr (WSTUSR)...
[2025-11-20 18:12:10,136] INFO -     ✅ 213 records
[2025-11-20 18:12:10,137] INFO -   [343/500] Collecting gas (GAS)...
[2025-11-20 18:12:14,618] INFO -     ✅ 366 records
[2025-11-20 18:12:14,618] INFO -   [344/500] Collecting yearn-finance (YFI)...
[2025-11-20 18:12:18,810] INFO -     ✅ 366 records
[2025-11-20 18:12:18,811] INFO -   [345/500] Collecting 0x (ZRX)...
[2025-11-20 18:12:23,003] INFO -     ✅ 366 records
[2025-11-20 18:12:23,003] INFO -   [346/500] Collecting movement (MOVE)...
[2025-11-20 18:12:27,156] INFO -     ✅ 349 records
[2025-11-20 18:12:27,156] INFO -   [347/500] Collecting shuffle-2 (SHFL)...
[2025-11-20 18:12:31,325] INFO -     ✅ 366 records
[2025-11-20 18:12:31,325] INFO -   [348/500] Collecting arkham (ARKM)...
[2025-11-20 18:12:35,485] INFO -     ✅ 366 records
[2025-11-20 18:12:35,485] INFO -   [349/500] Collecting origin-ether (OETH)...
[2025-11-20 18:12:39,656] INFO -     ✅ 366 records
[2025-11-20 18:12:39,656] INFO -   [350/500] Collecting stasis-eurs (EURS)...
[2025-11-20 18:12:43,821] INFO -     ✅ 366 records
[2025-11-20 18:12:43,821] INFO -   [351/500] Collecting creditcoin-2 (CTC)...
[2025-11-20 18:12:48,394] INFO -     ✅ 366 records
[2025-11-20 18:12:48,395] INFO -   [352/500] Collecting phantom-staked-sol (PSOL)...
[2025-11-20 18:12:52,775] INFO -     ✅ 191 records
[2025-11-20 18:12:52,775] INFO -   [353/500] Collecting eos (EOS)...
[2025-11-20 18:12:56,943] INFO -     ✅ 366 records
[2025-11-20 18:12:56,943] INFO -   [354/500] Collecting atomone (ATONE)...
[2025-11-20 18:13:01,085] INFO -     ✅ 275 records
[2025-11-20 18:13:01,085] INFO -   [355/500] Collecting tokenize-xchange (TKX)...
[2025-11-20 18:13:05,279] INFO -     ✅ 366 records
[2025-11-20 18:13:05,279] INFO -   [356/500] Collecting ravencoin (RVN)...
[2025-11-20 18:13:09,457] INFO -     ✅ 366 records
[2025-11-20 18:13:09,457] INFO -   [357/500] Collecting conscious-token (CONSCIOUS)...
[2025-11-20 18:13:13,701] INFO -     ✅ 233 records
[2025-11-20 18:13:13,702] INFO -   [358/500] Collecting oasis-network (ROSE)...
[2025-11-20 18:13:18,267] INFO -     ✅ 366 records
[2025-11-20 18:13:18,268] INFO -   [359/500] Collecting agora-dollar (AUSD)...
[2025-11-20 18:13:22,433] INFO -     ✅ 366 records
[2025-11-20 18:13:22,434] INFO -   [360/500] Collecting wrapped-aave-ethereum-usdt (WAETHUSDT)...
[2025-11-20 18:13:26,692] INFO -     ✅ 103 records
[2025-11-20 18:13:26,693] INFO -   [361/500] Collecting yieldfi-ytoken (YUSD)...
[2025-11-20 18:13:30,858] INFO -     ✅ 305 records
[2025-11-20 18:13:30,859] INFO -   [362/500] Collecting openeden-open-dollar (USDO)...
[2025-11-20 18:13:35,027] INFO -     ✅ 237 records
[2025-11-20 18:13:35,027] INFO -   [363/500] Collecting superfarm (SUPER)...
[2025-11-20 18:13:39,497] INFO -     ✅ 366 records
[2025-11-20 18:13:39,497] INFO -   [364/500] Collecting bedrock-btc (BRBTC)...
[2025-11-20 18:13:43,681] INFO -     ✅ 273 records
[2025-11-20 18:13:43,681] INFO -   [365/500] Collecting kava (KAVA)...
[2025-11-20 18:13:48,142] INFO -     ✅ 366 records
[2025-11-20 18:13:48,142] INFO -   [366/500] Collecting venom (VENOM)...
[2025-11-20 18:13:52,743] INFO -     ✅ 366 records
[2025-11-20 18:13:52,743] INFO -   [367/500] Collecting flare-bridged-xrp-flare (FXRP)...
[2025-11-20 18:13:56,973] INFO -     ✅ 52 records
[2025-11-20 18:13:56,973] INFO -   [368/500] Collecting nervos-network (CKB)...
[2025-11-20 18:14:01,131] INFO -     ✅ 366 records
[2025-11-20 18:14:01,131] INFO -   [369/500] Collecting digibyte (DGB)...
[2025-11-20 18:14:05,678] INFO -     ✅ 366 records
[2025-11-20 18:14:05,678] INFO -   [370/500] Collecting non-playable-coin (NPC)...
[2025-11-20 18:14:09,850] INFO -     ✅ 366 records
[2025-11-20 18:14:09,850] INFO -   [371/500] Collecting nxm (NXM)...
[2025-11-20 18:14:14,400] INFO -     ✅ 366 records
[2025-11-20 18:14:14,400] INFO -   [372/500] Collecting apollo-diversified-credit-securitize-fund (ACRED)...
[2025-11-20 18:14:18,820] INFO -     ✅ 254 records
[2025-11-20 18:14:18,820] INFO -   [373/500] Collecting dola-usd (DOLA)...
[2025-11-20 18:14:23,414] INFO -     ✅ 366 records
[2025-11-20 18:14:23,415] INFO -   [374/500] Collecting mog-coin (MOG)...
[2025-11-20 18:14:27,597] INFO -     ✅ 366 records
[2025-11-20 18:14:27,597] INFO -   [375/500] Collecting gmt-token (GOMINING)...
[2025-11-20 18:14:32,282] INFO -     ✅ 366 records
[2025-11-20 18:14:32,283] INFO -   [376/500] Collecting threshold-network-token (T)...
[2025-11-20 18:14:36,803] INFO -     ✅ 366 records
[2025-11-20 18:14:36,803] INFO -   [377/500] Collecting zilliqa (ZIL)...
[2025-11-20 18:14:41,308] INFO -     ✅ 366 records
[2025-11-20 18:14:41,308] INFO -   [378/500] Collecting nano (XNO)...
[2025-11-20 18:14:45,915] INFO -     ✅ 366 records
[2025-11-20 18:14:45,915] INFO -   [379/500] Collecting audiera (BEAT)...
[2025-11-20 18:14:50,091] INFO -     ✅ 22 records
[2025-11-20 18:14:50,092] INFO -   [380/500] Collecting baby-doge-coin (BABYDOGE)...
[2025-11-20 18:14:54,643] INFO -     ✅ 366 records
[2025-11-20 18:14:54,643] INFO -   [381/500] Collecting sushi (SUSHI)...
[2025-11-20 18:14:58,799] INFO -     ✅ 366 records
[2025-11-20 18:14:58,800] INFO -   [382/500] Collecting polygon-bridged-weeth-katana (WEETH)...
[2025-11-20 18:15:03,015] INFO -     ✅ 54 records
[2025-11-20 18:15:03,015] INFO -   [383/500] Collecting meta-2-2 (META)...
[2025-11-20 18:15:07,164] INFO -     ✅ 99 records
[2025-11-20 18:15:07,164] INFO -   [384/500] Collecting ether-fi-staked-btc (EBTC)...
[2025-11-20 18:15:11,889] INFO -     ✅ 366 records
[2025-11-20 18:15:11,889] INFO -   [385/500] Collecting minidoge-5 (MINIDOGE)...
[2025-11-20 18:15:16,220] INFO -     ✅ 137 records
[2025-11-20 18:15:16,220] INFO -   [386/500] Collecting ozone-chain (OZO)...
[2025-11-20 18:15:20,807] INFO -     ✅ 366 records
[2025-11-20 18:15:20,808] INFO -   [387/500] Collecting super-oeth (SUPEROETH)...
[2025-11-20 18:15:24,979] INFO -     ✅ 366 records
[2025-11-20 18:15:24,979] INFO -   [388/500] Collecting alchemist-ai (ALCH)...
[2025-11-20 18:15:29,575] INFO -     ✅ 357 records
[2025-11-20 18:15:29,575] INFO -   [389/500] Collecting mag7-ssi (MAG7.SSI)...
[2025-11-20 18:15:34,101] INFO -     ✅ 336 records
[2025-11-20 18:15:34,101] INFO -   [390/500] Collecting ai-companions (AIC)...
[2025-11-20 18:15:38,724] INFO -     ✅ 366 records
[2025-11-20 18:15:38,724] INFO -   [391/500] Collecting dog-go-to-the-moon-rune (DOG)...
[2025-11-20 18:15:42,888] INFO -     ✅ 366 records
[2025-11-20 18:15:42,889] INFO -   [392/500] Collecting midas-mhyper (MHYPER)...
[2025-11-20 18:15:47,141] INFO -     ✅ 72 records
[2025-11-20 18:15:47,142] INFO -   [393/500] Collecting bio-protocol (BIO)...
[2025-11-20 18:15:51,357] INFO -     ✅ 324 records
[2025-11-20 18:15:51,358] INFO -   [394/500] Collecting aleo (ALEO)...
[2025-11-20 18:15:55,943] INFO -     ✅ 366 records
[2025-11-20 18:15:55,944] INFO -   [395/500] Collecting verge (XVG)...
[2025-11-20 18:16:00,439] INFO -     ✅ 366 records
[2025-11-20 18:16:00,439] INFO -   [396/500] Collecting coinex-token (CET)...
[2025-11-20 18:16:05,067] INFO -     ✅ 366 records
[2025-11-20 18:16:05,068] INFO -   [397/500] Collecting deep (DEEP)...
[2025-11-20 18:16:09,638] INFO -     ✅ 366 records
[2025-11-20 18:16:09,639] INFO -   [398/500] Collecting gaib-ai-dollar-alpha-usdc (AIDAUSDC)...
[2025-11-20 18:16:13,851] INFO -     ✅ 54 records
[2025-11-20 18:16:13,851] INFO -   [399/500] Collecting giggle-fund (GIGGLE)...
[2025-11-20 18:16:18,094] INFO -     ✅ 62 records
[2025-11-20 18:16:18,095] INFO -   [400/500] Collecting bitkub-coin (KUB)...
[2025-11-20 18:16:22,674] INFO -     ✅ 366 records
[2025-11-20 18:16:22,674] INFO -   [401/500] Collecting compounding-open-dollar (CUSDO)...
[2025-11-20 18:16:26,880] INFO -     ✅ 281 records
[2025-11-20 18:16:26,880] INFO -   [402/500] Collecting numeraire (NMR)...
[2025-11-20 18:16:31,464] INFO -     ✅ 366 records
[2025-11-20 18:16:31,464] INFO -   [403/500] Collecting snek (SNEK)...
[2025-11-20 18:16:36,065] INFO -     ✅ 366 records
[2025-11-20 18:16:36,066] INFO -   [404/500] Collecting mocaverse (MOCA)...
[2025-11-20 18:16:40,516] INFO -     ✅ 366 records
[2025-11-20 18:16:40,516] INFO -   [405/500] Collecting anzen-usdz (USDZ)...
[2025-11-20 18:16:45,123] INFO -     ✅ 366 records
[2025-11-20 18:16:45,123] INFO -   [406/500] Collecting useless-3 (USELESS)...
[2025-11-20 18:16:49,506] INFO -     ✅ 196 records
[2025-11-20 18:16:49,506] INFO -   [407/500] Collecting cat-in-a-dogs-world (MEW)...
[2025-11-20 18:16:54,087] INFO -     ✅ 366 records
[2025-11-20 18:16:54,087] INFO -   [408/500] Collecting crypto-com-staked-eth (CDCETH)...
[2025-11-20 18:16:58,302] INFO -     ✅ 366 records
[2025-11-20 18:16:58,303] INFO -   [409/500] Collecting quantum-resistant-ledger (QRL)...
[2025-11-20 18:17:02,875] INFO -     ✅ 366 records
[2025-11-20 18:17:02,875] INFO -   [410/500] Collecting midas-msyrupusdp (MSYRUPUSDP)...
[2025-11-20 18:17:07,121] INFO -     ✅ 66 records
[2025-11-20 18:17:07,121] INFO -   [411/500] Collecting usda-3 (USDA)...
[2025-11-20 18:17:11,420] INFO -     ✅ 106 records
[2025-11-20 18:17:11,420] INFO -   [412/500] Collecting frax-usd (FRXUSD)...
[2025-11-20 18:17:15,607] INFO -     ✅ 280 records
[2025-11-20 18:17:15,607] INFO -   [413/500] Collecting edu-coin (EDU)...
[2025-11-20 18:17:20,172] INFO -     ✅ 366 records
[2025-11-20 18:17:20,172] INFO -   [414/500] Collecting blur (BLUR)...
[2025-11-20 18:17:24,319] INFO -     ✅ 366 records
[2025-11-20 18:17:24,319] INFO -   [415/500] Collecting melania-meme (MELANIA)...
[2025-11-20 18:17:28,811] INFO -     ✅ 308 records
[2025-11-20 18:17:28,811] INFO -   [416/500] Collecting turbo (TURBO)...
[2025-11-20 18:17:33,234] INFO -     ✅ 366 records
[2025-11-20 18:17:33,234] INFO -   [417/500] Collecting astar (ASTR)...
[2025-11-20 18:17:37,845] INFO -     ✅ 366 records
[2025-11-20 18:17:37,848] INFO -   [418/500] Collecting bianrensheng (币安人生)...
[2025-11-20 18:17:42,524] INFO -     ✅ 47 records
[2025-11-20 18:17:42,525] INFO -   [419/500] Collecting resolv-rlp (RLP)...
[2025-11-20 18:17:47,130] INFO -     ✅ 366 records
[2025-11-20 18:17:47,131] INFO -   [420/500] Collecting wrapped-aave-ethereum-weth (WAETHWETH)...
[2025-11-20 18:17:51,441] INFO -     ✅ 103 records
[2025-11-20 18:17:51,441] INFO -   [421/500] Collecting keeta (KTA)...
[2025-11-20 18:17:55,595] INFO -     ✅ 262 records
[2025-11-20 18:17:55,595] INFO -   [422/500] Collecting agentfun-ai (AGENTFUN)...
[2025-11-20 18:17:59,779] INFO -     ✅ 362 records
[2025-11-20 18:17:59,780] INFO -   [423/500] Collecting onyc (ONYC)...
[2025-11-20 18:18:04,105] INFO -     ✅ 142 records
[2025-11-20 18:18:04,105] INFO -   [424/500] Collecting chainopera-ai (COAI)...
[2025-11-20 18:18:08,493] INFO -     ✅ 59 records
[2025-11-20 18:18:08,493] INFO -   [425/500] Collecting rollbit-coin (RLB)...
[2025-11-20 18:18:12,678] INFO -     ✅ 366 records
[2025-11-20 18:18:12,678] INFO -   [426/500] Collecting popcat (POPCAT)...
[2025-11-20 18:18:16,852] INFO -     ✅ 366 records
[2025-11-20 18:18:16,853] INFO -   [427/500] Collecting ostrich (RICH)...
[2025-11-20 18:18:21,076] INFO -     ✅ 21 records
[2025-11-20 18:18:21,076] INFO -   [428/500] Collecting holotoken (HOT)...
[2025-11-20 18:18:25,645] INFO -     ✅ 366 records
[2025-11-20 18:18:25,645] INFO -   [429/500] Collecting zetachain (ZETA)...
[2025-11-20 18:18:30,210] INFO -     ✅ 366 records
[2025-11-20 18:18:30,210] INFO -   [430/500] Collecting avantis (AVNT)...
[2025-11-20 18:18:34,389] INFO -     ✅ 75 records
[2025-11-20 18:18:34,390] INFO -   [431/500] Collecting chia (XCH)...
[2025-11-20 18:18:38,982] INFO -     ✅ 366 records
[2025-11-20 18:18:38,983] INFO -   [432/500] Collecting tdccp (TDCCP)...
[2025-11-20 18:18:43,151] INFO -     ✅ 198 records
[2025-11-20 18:18:43,151] INFO -   [433/500] Collecting nexpace (NXPC)...
[2025-11-20 18:18:47,320] INFO -     ✅ 192 records
[2025-11-20 18:18:47,320] INFO -   [434/500] Collecting qubic-network (QUBIC)...
[2025-11-20 18:18:51,888] INFO -     ✅ 366 records
[2025-11-20 18:18:51,888] INFO -   [435/500] Collecting unibase (UB)...
[2025-11-20 18:18:56,149] INFO -     ✅ 72 records
[2025-11-20 18:18:56,149] INFO -   [436/500] Collecting celo (CELO)...
[2025-11-20 18:19:00,333] INFO -     ✅ 366 records
[2025-11-20 18:19:00,333] INFO -   [437/500] Collecting metal-blockchain (METAL)...
[2025-11-20 18:19:04,952] INFO -     ✅ 366 records
[2025-11-20 18:19:04,952] INFO -   [438/500] Collecting tradable-singapore-fintech-ssl-2 (PC0000023)...
[2025-11-20 18:19:09,241] INFO -     ✅ 143 records
[2025-11-20 18:19:09,241] INFO -   [439/500] Collecting ring-usd (USDR)...
[2025-11-20 18:19:13,461] INFO -     ✅ 37 records
[2025-11-20 18:19:13,462] INFO -   [440/500] Collecting safe (SAFE)...
[2025-11-20 18:19:17,662] INFO -     ✅ 366 records
[2025-11-20 18:19:17,662] INFO -   [441/500] Collecting qusdt (QUSDT)...
[2025-11-20 18:19:21,841] INFO -     ✅ 325 records
[2025-11-20 18:19:21,841] INFO -   [442/500] Collecting casper-network (CSPR)...
[2025-11-20 18:19:26,048] INFO -     ✅ 366 records
[2025-11-20 18:19:26,048] INFO -   [443/500] Collecting proton (XPR)...
[2025-11-20 18:19:30,650] INFO -     ✅ 366 records
[2025-11-20 18:19:30,650] INFO -   [444/500] Collecting chutes (SN64)...
[2025-11-20 18:19:34,873] INFO -     ✅ 170 records
[2025-11-20 18:19:34,873] INFO -   [445/500] Collecting apex-token-2 (APEX)...
[2025-11-20 18:19:39,072] INFO -     ✅ 366 records
[2025-11-20 18:19:39,072] INFO -   [446/500] Collecting vethor-token (VTHO)...
[2025-11-20 18:19:43,634] INFO -     ✅ 366 records
[2025-11-20 18:19:43,634] INFO -   [447/500] Collecting savings-xdai (SDAI)...
[2025-11-20 18:19:48,183] INFO -     ✅ 366 records
[2025-11-20 18:19:48,184] INFO -   [448/500] Collecting drift-protocol (DRIFT)...
[2025-11-20 18:19:52,382] INFO -     ✅ 366 records
[2025-11-20 18:19:52,382] INFO -   [449/500] Collecting succinct (PROVE)...
[2025-11-20 18:19:56,687] INFO -     ✅ 110 records
[2025-11-20 18:19:56,687] INFO -   [450/500] Collecting cow-protocol (COW)...
[2025-11-20 18:20:00,826] INFO -     ✅ 366 records
[2025-11-20 18:20:00,826] INFO -   [451/500] Collecting stp-network (AWE)...
[2025-11-20 18:20:05,020] INFO -     ✅ 366 records
[2025-11-20 18:20:05,024] INFO -   [452/500] Collecting temple (TEMPLE)...
[2025-11-20 18:20:09,227] INFO -     ✅ 338 records
[2025-11-20 18:20:09,227] INFO -   [453/500] Collecting cash-4 (CASH)...
[2025-11-20 18:20:13,441] INFO -     ✅ 46 records
[2025-11-20 18:20:13,441] INFO -   [454/500] Collecting universal-btc (UNIBTC)...
[2025-11-20 18:20:17,619] INFO -     ✅ 366 records
[2025-11-20 18:20:17,620] INFO -   [455/500] Collecting anoma (XAN)...
[2025-11-20 18:20:21,783] INFO -     ✅ 55 records
[2025-11-20 18:20:21,783] INFO -   [456/500] Collecting unit-pump (UPUMP)...
[2025-11-20 18:20:26,088] INFO -     ✅ 131 records
[2025-11-20 18:20:26,088] INFO -   [457/500] Collecting siacoin (SC)...
[2025-11-20 18:20:30,666] INFO -     ✅ 366 records
[2025-11-20 18:20:30,666] INFO -   [458/500] Collecting pirate-chain (ARRR)...
[2025-11-20 18:20:35,184] INFO -     ✅ 366 records
[2025-11-20 18:20:35,185] INFO -   [459/500] Collecting ordinals (ORDI)...
[2025-11-20 18:20:39,396] INFO -     ✅ 366 records
[2025-11-20 18:20:39,399] INFO -   [460/500] Collecting mnee-usd-stablecoin (MNEE)...
[2025-11-20 18:20:43,562] INFO -     ✅ 362 records
[2025-11-20 18:20:43,562] INFO -   [461/500] Collecting folks (FOLKS)...
[2025-11-20 18:20:47,736] INFO -     ✅ 17 records
[2025-11-20 18:20:47,736] INFO -   [462/500] Collecting compound-ether (CETH)...
[2025-11-20 18:20:52,291] INFO -     ✅ 366 records
[2025-11-20 18:20:52,291] INFO -   [463/500] Collecting peanut-the-squirrel (PNUT)...
[2025-11-20 18:20:56,840] INFO -     ✅ 366 records
[2025-11-20 18:20:56,840] INFO -   [464/500] Collecting velo (VELO)...
[2025-11-20 18:21:01,407] INFO -     ✅ 366 records
[2025-11-20 18:21:01,407] INFO -   [465/500] Collecting sui-bridged-wbtc-sui (WBTC)...
[2025-11-20 18:21:05,727] INFO -     ✅ 134 records
[2025-11-20 18:21:05,727] INFO -   [466/500] Collecting avalanche-bridged-weth-avalanche (WETH)...
[2025-11-20 18:21:09,914] INFO -     ✅ 366 records
[2025-11-20 18:21:09,914] INFO -   [467/500] Collecting novem-pro (NVM)...
[2025-11-20 18:21:14,090] INFO -     ✅ 320 records
[2025-11-20 18:21:14,090] INFO -   [468/500] Collecting infrared-bera (IBERA)...
[2025-11-20 18:21:18,265] INFO -     ✅ 265 records
[2025-11-20 18:21:18,265] INFO -   [469/500] Collecting mantra-dao (OM)...
[2025-11-20 18:21:22,428] INFO -     ✅ 366 records
[2025-11-20 18:21:22,429] INFO -   [470/500] Collecting bridged-usd-coin-linea (USDC)...
[2025-11-20 18:21:26,619] INFO -     ✅ 366 records
[2025-11-20 18:21:26,621] INFO -   [471/500] Collecting vvs-finance (VVS)...
[2025-11-20 18:21:30,792] INFO -     ✅ 366 records
[2025-11-20 18:21:30,792] INFO -   [472/500] Collecting vana (VANA)...
[2025-11-20 18:21:35,011] INFO -     ✅ 342 records
[2025-11-20 18:21:35,012] INFO -   [473/500] Collecting swop-2 (SWOP)...
[2025-11-20 18:21:39,367] INFO -     ✅ 149 records
[2025-11-20 18:21:39,367] INFO -   [474/500] Collecting iotex (IOTX)...
[2025-11-20 18:21:43,999] INFO -     ✅ 366 records
[2025-11-20 18:21:43,999] INFO -   [475/500] Collecting skale (SKL)...
[2025-11-20 18:37:32,398] INFO -     ✅ 366 records
[2025-11-20 18:37:32,399] INFO -   [476/500] Collecting cronos-bridged-usdt-cronos (USDT)...
[2025-11-20 18:37:36,633] INFO -     ✅ 366 records
[2025-11-20 18:37:36,634] INFO -   [477/500] Collecting renzo-restaked-lst (PZETH)...
[2025-11-20 18:37:40,806] INFO -     ✅ 366 records
[2025-11-20 18:37:40,807] INFO -   [478/500] Collecting gmx (GMX)...
[2025-11-20 18:37:44,996] INFO -     ✅ 366 records
[2025-11-20 18:37:44,997] INFO -   [479/500] Collecting vaneck-treasury-fund (VBILL)...
[2025-11-20 18:37:49,188] INFO -     ✅ 178 records
[2025-11-20 18:37:49,188] INFO -   [480/500] Collecting ethereum-day (ETHDAY)...
[2025-11-20 18:37:53,467] ERROR -     ❌ Failed: API request failed: 404
URL: https://api.coingecko.com/api/v3/coins/ethereum-day/market_chart
Response: {"error":"coin not found"}
RECOMMENDATION: Check API status at https://status.coingecko.com/
[2025-11-20 18:37:53,467] INFO -   [481/500] Collecting verus-coin (VRSC)...
[2025-11-20 18:37:58,288] INFO -     ✅ 366 records
[2025-11-20 18:37:58,288] INFO -   [482/500] Collecting request-network (REQ)...
[2025-11-20 18:38:02,615] INFO -     ✅ 366 records
[2025-11-20 18:38:02,615] INFO -   [483/500] Collecting avant-usd (AVUSD)...
[2025-11-20 18:38:06,806] INFO -     ✅ 314 records
[2025-11-20 18:38:06,806] INFO -   [484/500] Collecting helder (HLDR)...
[2025-11-20 18:38:10,976] INFO -     ✅ 192 records
[2025-11-20 18:38:10,976] INFO -   [485/500] Collecting vicicoin (VCNT)...
[2025-11-20 18:38:15,664] INFO -     ✅ 366 records
[2025-11-20 18:38:15,665] INFO -   [486/500] Collecting aelf (ELF)...
[2025-11-20 18:53:19,969] INFO -     ✅ 366 records
[2025-11-20 18:53:19,970] INFO -   [487/500] Collecting lagrange (LA)...
[2025-11-20 18:53:24,140] INFO -     ✅ 172 records
[2025-11-20 18:53:24,140] INFO -   [488/500] Collecting memecoin-2 (MEME)...
[2025-11-20 18:53:28,355] INFO -     ✅ 366 records
[2025-11-20 18:53:28,355] INFO -   [489/500] Collecting ankr (ANKR)...
[2025-11-20 18:53:33,168] INFO -     ✅ 366 records
[2025-11-20 18:53:33,168] INFO -   [490/500] Collecting unit-plasma (UXPL)...
[2025-11-20 18:53:37,420] INFO -     ✅ 56 records
[2025-11-20 18:53:37,421] INFO -   [491/500] Collecting payfi-strategy-token-usdc (PSTUSDC)...
[2025-11-20 18:53:41,805] INFO -     ✅ 67 records
[2025-11-20 18:53:41,805] INFO -   [492/500] Collecting stargate-bridged-usdc (USDC.E)...
[2025-11-20 18:53:46,167] INFO -     ✅ 66 records
[2025-11-20 18:53:46,167] INFO -   [493/500] Collecting binance-peg-zcash-token (ZEC)...
[2025-11-20 18:53:50,336] INFO -     ✅ 39 records
[2025-11-20 18:53:50,336] INFO -   [494/500] Collecting zignaly (ZIG)...
[2025-11-20 18:53:54,942] INFO -     ✅ 366 records
[2025-11-20 18:53:54,942] INFO -   [495/500] Collecting polymesh (POLYX)...
[2025-11-20 18:53:59,168] INFO -     ✅ 366 records
[2025-11-20 18:53:59,168] INFO -   [496/500] Collecting ore (ORE)...
[2025-11-20 18:54:03,393] INFO -     ✅ 366 records
[2025-11-20 18:54:03,394] INFO -   [497/500] Collecting plume (PLUME)...
[2025-11-20 19:09:07,448] INFO -     ✅ 306 records
[2025-11-20 19:09:07,449] INFO -   [498/500] Collecting omni-network (OMNI)...
[2025-11-20 19:09:11,626] INFO -     ✅ 366 records
[2025-11-20 19:09:11,626] INFO -   [499/500] Collecting debridge (DBR)...
[2025-11-20 19:09:15,852] INFO -     ✅ 366 records
[2025-11-20 19:09:15,852] INFO -   [500/500] Collecting bc-token (BC)...
[2025-11-20 19:09:20,077] INFO -     ✅ 327 records
[2025-11-20 19:09:20,078] INFO - 
[2025-11-20 19:09:20,078] INFO - Step 4: Saving data...
[2025-11-20 19:09:20,515] INFO - ✅ Saved to: data/raw/coingecko/market_cap_20251120_190920.csv
[2025-11-20 19:09:20,515] INFO -   Records: 154,734
[2025-11-20 19:09:20,515] INFO -   File size: 15.3 MB
[2025-11-20 19:09:20,524] INFO -   Date range: 2024-11-21 to 2025-11-20
[2025-11-20 19:09:20,528] INFO -   Unique coins: 473
[2025-11-20 19:09:20,528] INFO - 
[2025-11-20 19:09:20,528] INFO - ============================================================
[2025-11-20 19:09:20,528] INFO - COLLECTION SUMMARY
[2025-11-20 19:09:20,528] INFO - ============================================================
[2025-11-20 19:09:20,528] INFO - Coins requested:    500
[2025-11-20 19:09:20,531] INFO - Coins collected:    473
[2025-11-20 19:09:20,531] INFO - Coins failed:       1
[2025-11-20 19:09:20,531] INFO - Total records:      154,734
[2025-11-20 19:09:20,531] INFO - API calls made:     502
[2025-11-20 19:09:20,531] INFO - Collection time:    81.4 minutes
[2025-11-20 19:09:20,531] INFO - Output file:        data/raw/coingecko/market_cap_20251120_190920.csv
[2025-11-20 19:09:20,531] INFO - 
[2025-11-20 19:09:20,531] WARNING - ⚠️  1 coins failed:
[2025-11-20 19:09:20,531] WARNING -   - ethereum-day (ethday): API request failed: 404
URL: https://api.coingecko.com/api/v3/coins/ethereum-day/market_chart
Respon
[2025-11-20 19:09:20,531] INFO - 
[2025-11-20 19:09:20,531] INFO - NEXT STEPS:
[2025-11-20 19:09:20,531] INFO -   1. Validate data: uv run validation/scripts/validate_coingecko.py data/raw/coingecko/market_cap_20251120_190920.csv
[2025-11-20 19:09:20,531] INFO -   2. Merge with crypto2: uv run tools/merge_datasets.py
[2025-11-20 19:09:20,531] INFO - 
[2025-11-20 19:09:20,531] INFO - Collection complete! 🚀
